2024-03-10 08:00:14 [INFO] User login successful for user_id=98196
2024-03-10 08:00:21 [WARNING] Request processed in 763ms for /api/data
2024-03-10 08:00:33 [INFO] Health check passed for service=auth
2024-03-10 08:00:38 [WARNING] Session token refreshed for session_id=67237
2024-03-10 08:00:50 [WARNING] File uploaded: size=230KB checksum=55987
2024-03-10 08:01:03 [ERROR] User login successful for user_id=21926
2024-03-10 08:01:12 [ERROR] Cache miss for key=session:29221; fallback to database
2024-03-10 08:01:21 [INFO] Request processed in 104ms for /api/data
2024-03-10 08:01:30 [ERROR] User login successful for user_id=96647
2024-03-10 08:01:35 [DEBUG] Request processed in 305ms for /api/data
2024-03-10 08:01:49 [ERROR] Health check passed for service=auth
2024-03-10 08:01:53 [WARNING] Disk usage at 880% on /dev/sda1
2024-03-10 08:01:58 [DEBUG] Disk usage at 655% on /dev/sda1
2024-03-10 08:02:07 [WARNING] Background job completed: task_id=47566
2024-03-10 08:02:15 [INFO] Health check passed for service=auth
2024-03-10 08:02:22 [WARNING] Database query executed in 281ms
2024-03-10 08:02:36 [WARNING] Background job completed: task_id=8331
2024-03-10 08:02:40 [ERROR] Rate limit triggered for IP 192.168.1.56
2024-03-10 08:02:53 [ERROR] Session token refreshed for session_id=86909
2024-03-10 08:03:07 [DEBUG] Cache miss for key=session:35718; fallback to database
2024-03-10 08:03:19 [ERROR] Health check passed for service=auth
2024-03-10 08:03:29 [ERROR] Session token refreshed for session_id=19131
2024-03-10 08:03:34 [INFO] Request processed in 647ms for /api/data
2024-03-10 08:03:48 [DEBUG] Health check passed for service=auth
2024-03-10 08:04:01 [DEBUG] File uploaded: size=999KB checksum=33953
2024-03-10 08:04:05 [INFO] File uploaded: size=278KB checksum=99419
2024-03-10 08:04:19 [ERROR] Request processed in 450ms for /api/data
2024-03-10 08:04:30 [INFO] Disk usage at 785% on /dev/sda1
2024-03-10 08:04:42 [INFO] Disk usage at 524% on /dev/sda1
2024-03-10 08:04:49 [WARNING] Background job completed: task_id=22174
2024-03-10 08:05:01 [INFO] Health check passed for service=auth
2024-03-10 08:05:06 [ERROR] Disk usage at 64% on /dev/sda1
2024-03-10 08:05:19 [INFO] Request processed in 502ms for /api/data
2024-03-10 08:05:24 [WARNING] Cache miss for key=session:87474; fallback to database
2024-03-10 08:05:36 [WARNING] Disk usage at 898% on /dev/sda1
2024-03-10 08:05:46 [WARNING] File uploaded: size=752KB checksum=99994
2024-03-10 08:05:53 [ERROR] Rate limit triggered for IP 192.168.1.97
2024-03-10 08:06:04 [DEBUG] Request processed in 235ms for /api/data
2024-03-10 08:06:13 [INFO] Health check passed for service=auth
2024-03-10 08:06:20 [INFO] Request processed in 651ms for /api/data
2024-03-10 08:06:27 [INFO] User login successful for user_id=44309
2024-03-10 08:06:34 [ERROR] Database query executed in 557ms
2024-03-10 08:06:47 [DEBUG] Session token refreshed for session_id=62993
2024-03-10 08:06:54 [INFO] Request processed in 446ms for /api/data
2024-03-10 08:07:04 [DEBUG] Database query executed in 60ms
2024-03-10 08:07:18 [INFO] User login successful for user_id=53772
2024-03-10 08:07:23 [WARNING] Session token refreshed for session_id=25931
2024-03-10 08:07:29 [DEBUG] Cache miss for key=session:37509; fallback to database
2024-03-10 08:07:34 [DEBUG] File uploaded: size=56KB checksum=13833
2024-03-10 08:07:46 [INFO] Request processed in 874ms for /api/data
2024-03-10 08:07:52 [DEBUG] Database query executed in 223ms
2024-03-10 08:08:02 [INFO] Cache miss for key=session:50672; fallback to database
2024-03-10 08:08:12 [ERROR] Database query executed in 438ms
2024-03-10 08:08:24 [DEBUG] Cache miss for key=session:25890; fallback to database
2024-03-10 08:08:28 [INFO] Background job completed: task_id=8492
2024-03-10 08:08:39 [WARNING] User login successful for user_id=67562
2024-03-10 08:08:45 [INFO] Health check passed for service=auth
2024-03-10 08:08:52 [DEBUG] Request processed in 257ms for /api/data
2024-03-10 08:09:05 [INFO] Health check passed for service=auth
2024-03-10 08:09:18 [ERROR] Disk usage at 690% on /dev/sda1
2024-03-10 08:09:27 [WARNING] Disk usage at 139% on /dev/sda1
2024-03-10 08:09:41 [ERROR] Database query executed in 956ms
2024-03-10 08:09:46 [INFO] Database query executed in 581ms
2024-03-10 08:09:51 [WARNING] File uploaded: size=140KB checksum=35760
2024-03-10 08:10:00 [INFO] Session token refreshed for session_id=49434
2024-03-10 08:10:11 [ERROR] Health check passed for service=auth
2024-03-10 08:10:25 [ERROR] Request processed in 275ms for /api/data
2024-03-10 08:10:30 [WARNING] Disk usage at 624% on /dev/sda1
2024-03-10 08:10:39 [WARNING] Disk usage at 505% on /dev/sda1
2024-03-10 08:10:43 [INFO] Rate limit triggered for IP 192.168.1.2
2024-03-10 08:10:52 [WARNING] Disk usage at 764% on /dev/sda1
2024-03-10 08:11:04 [DEBUG] File uploaded: size=119KB checksum=2267
2024-03-10 08:11:10 [INFO] Background job completed: task_id=77350
2024-03-10 08:11:20 [WARNING] User login successful for user_id=41404
2024-03-10 08:11:24 [ERROR] Session token refreshed for session_id=90399
2024-03-10 08:11:29 [ERROR] File uploaded: size=640KB checksum=54264
2024-03-10 08:11:35 [WARNING] Cache miss for key=session:24206; fallback to database
2024-03-10 08:11:39 [WARNING] Background job completed: task_id=54964
2024-03-10 08:11:46 [ERROR] Cache miss for key=session:92917; fallback to database
2024-03-10 08:11:50 [DEBUG] Session token refreshed for session_id=27158
2024-03-10 08:12:01 [ERROR] Disk usage at 233% on /dev/sda1
2024-03-10 08:12:15 [WARNING] Rate limit triggered for IP 192.168.1.223
2024-03-10 08:12:20 [ERROR] Background job completed: task_id=85080
2024-03-10 08:12:34 [ERROR] User login successful for user_id=16118
2024-03-10 08:12:42 [WARNING] Health check passed for service=auth
2024-03-10 08:12:55 [DEBUG] Background job completed: task_id=96491
2024-03-10 08:13:05 [INFO] Rate limit triggered for IP 192.168.1.67
2024-03-10 08:13:09 [DEBUG] User login successful for user_id=69146
2024-03-10 08:13:21 [WARNING] Background job completed: task_id=57531
2024-03-10 08:13:35 [ERROR] Health check passed for service=auth
2024-03-10 08:13:40 [ERROR] File uploaded: size=687KB checksum=41538
2024-03-10 08:13:49 [DEBUG] Disk usage at 135% on /dev/sda1
2024-03-10 08:13:59 [DEBUG] Cache miss for key=session:81676; fallback to database
2024-03-10 08:14:09 [INFO] Disk usage at 220% on /dev/sda1
2024-03-10 08:14:22 [ERROR] Database query executed in 457ms
2024-03-10 08:14:29 [DEBUG] Cache miss for key=session:87356; fallback to database
2024-03-10 08:14:41 [ERROR] Request processed in 245ms for /api/data
2024-03-10 08:14:49 [WARNING] Session token refreshed for session_id=20313
2024-03-10 08:14:56 [DEBUG] Health check passed for service=auth
2024-03-10 08:15:10 [WARNING] Rate limit triggered for IP 192.168.1.64
2024-03-10 08:15:16 [INFO] Request processed in 229ms for /api/data
2024-03-10 08:15:28 [DEBUG] User login successful for user_id=74060
2024-03-10 08:15:33 [DEBUG] Cache miss for key=session:61901; fallback to database
2024-03-10 08:15:45 [ERROR] Database query executed in 839ms
2024-03-10 08:15:57 [DEBUG] File uploaded: size=923KB checksum=59446
2024-03-10 08:16:08 [DEBUG] Disk usage at 258% on /dev/sda1
2024-03-10 08:16:22 [ERROR] File uploaded: size=646KB checksum=64517
2024-03-10 08:16:30 [DEBUG] Request processed in 297ms for /api/data
2024-03-10 08:16:38 [ERROR] Background job completed: task_id=71798
2024-03-10 08:16:44 [WARNING] Rate limit triggered for IP 192.168.1.182
2024-03-10 08:16:51 [INFO] Rate limit triggered for IP 192.168.1.140
2024-03-10 08:17:02 [DEBUG] User login successful for user_id=28110
2024-03-10 08:17:12 [INFO] Health check passed for service=auth
2024-03-10 08:17:21 [ERROR] Rate limit triggered for IP 192.168.1.193
2024-03-10 08:17:33 [WARNING] Database query executed in 284ms
2024-03-10 08:17:44 [INFO] Rate limit triggered for IP 192.168.1.175
2024-03-10 08:17:54 [WARNING] Database query executed in 642ms
2024-03-10 08:17:58 [DEBUG] Health check passed for service=auth
2024-03-10 08:18:03 [DEBUG] Cache miss for key=session:61515; fallback to database
2024-03-10 08:18:11 [DEBUG] Background job completed: task_id=28742
connection reset by peer while writing response
2024-03-10 08:18:20 [DEBUG] Disk usage at 979% on /dev/sda1
2024-03-10 08:18:30 [ERROR] Request processed in 24ms for /api/data
2024-03-10 08:18:42 [INFO] Background job completed: task_id=30389
2024-03-10 08:18:56 [INFO] User login successful for user_id=33411
2024-03-10 08:19:00 [WARNING] Session token refreshed for session_id=17544
2024-03-10 08:19:05 [WARNING] Database query executed in 267ms
2024-03-10 08:19:14 [WARNING] Health check passed for service=auth
2024-03-10 08:19:19 [WARNING] Disk usage at 597% on /dev/sda1
2024-03-10 08:19:27 [DEBUG] Rate limit triggered for IP 192.168.1.21
2024-03-10 08:19:40 [WARNING] Request processed in 796ms for /api/data
2024-03-10 08:19:54 [INFO] Health check passed for service=auth
2024-03-10 08:20:04 [ERROR] Request processed in 668ms for /api/data
2024-03-10 08:20:08 [DEBUG] Database query executed in 448ms
2024-03-10 08:20:17 [DEBUG] Cache miss for key=session:58080; fallback to database
2024-03-10 08:20:29 [ERROR] Health check passed for service=auth
2024-03-10 08:20:40 [DEBUG] Health check passed for service=auth
2024-03-10 08:20:47 [INFO] Disk usage at 254% on /dev/sda1
2024-03-10 08:20:58 [DEBUG] Background job completed: task_id=4761
2024-03-10 08:21:07 [WARNING] Database query executed in 368ms
2024-03-10 08:21:15 [ERROR] Disk usage at 723% on /dev/sda1
2024-03-10 08:21:23 [INFO] File uploaded: size=92KB checksum=26042
2024-03-10 08:21:33 [DEBUG] File uploaded: size=712KB checksum=32499
2024-03-10 08:21:47 [DEBUG] Database query executed in 100ms
2024-03-10 08:21:54 [DEBUG] Session token refreshed for session_id=41135
2024-03-10 08:22:03 [DEBUG] File uploaded: size=357KB checksum=70588
2024-03-10 08:22:15 [ERROR] Background job completed: task_id=93124
2024-03-10 08:22:23 [ERROR] Session token refreshed for session_id=16814
2024-03-10 08:22:32 [INFO] File uploaded: size=194KB checksum=91461
2024-03-10 08:22:39 [DEBUG] Disk usage at 608% on /dev/sda1
2024-03-10 08:22:51 [ERROR] Request processed in 308ms for /api/data
2024-03-10 08:23:00 [WARNING] Disk usage at 730% on /dev/sda1
2024-03-10 08:23:06 [ERROR] User login successful for user_id=8146
2024-03-10 08:23:12 [DEBUG] Request processed in 592ms for /api/data
2024-03-10 08:23:23 [DEBUG] Database query executed in 193ms
2024-03-10 08:23:27 [ERROR] Database query executed in 846ms
2024-03-10 08:23:37 [DEBUG] Request processed in 649ms for /api/data
2024-03-10 08:23:41 [WARNING] Cache miss for key=session:74772; fallback to database
2024-03-10 08:23:46 [WARNING] Request processed in 787ms for /api/data
2024-03-10 08:23:59 [WARNING] File uploaded: size=466KB checksum=50856
2024-03-10 08:24:10 [ERROR] Health check passed for service=auth
2024-03-10 08:24:23 [INFO] Health check passed for service=auth
2024-03-10 08:24:30 [WARNING] Disk usage at 88% on /dev/sda1
2024-03-10 08:24:37 [WARNING] File uploaded: size=165KB checksum=10838
2024-03-10 08:24:47 [DEBUG] Health check passed for service=auth
2024-03-10 08:24:54 [ERROR] Disk usage at 885% on /dev/sda1
2024-03-10 08:24:59 [WARNING] Disk usage at 608% on /dev/sda1
2024-03-10 08:25:06 [DEBUG] Request processed in 235ms for /api/data
2024-03-10 08:25:12 [ERROR] Cache miss for key=session:10359; fallback to database
2024-03-10 08:25:20 [ERROR] Database query executed in 484ms
2024-03-10 08:25:28 [DEBUG] Disk usage at 557% on /dev/sda1
2024-03-10 08:25:39 [INFO] Health check passed for service=auth
2024-03-10 08:25:48 [ERROR] User login successful for user_id=12970
2024-03-10 08:26:02 [INFO] Disk usage at 46% on /dev/sda1
2024-03-10 08:26:08 [DEBUG] File uploaded: size=457KB checksum=86394
2024-03-10 08:26:16 [WARNING] Health check passed for service=auth
2024-03-10 08:26:27 [INFO] Database query executed in 423ms
2024-03-10 08:26:36 [INFO] Cache miss for key=session:44228; fallback to database
2024-03-10 08:26:47 [ERROR] Rate limit triggered for IP 192.168.1.118
2024-03-10 08:26:52 [ERROR] Disk usage at 123% on /dev/sda1
2024-03-10 08:27:02 [INFO] File uploaded: size=428KB checksum=61552
2024-03-10 08:27:09 [ERROR] Health check passed for service=auth
2024-03-10 08:27:13 [WARNING] Disk usage at 139% on /dev/sda1
2024-03-10 08:27:21 [DEBUG] Database query executed in 34ms
2024-03-10 08:27:35 [WARNING] Cache miss for key=session:41730; fallback to database
2024-03-10 08:27:47 [DEBUG] Request processed in 866ms for /api/data
2024-03-10 08:27:52 [DEBUG] Request processed in 857ms for /api/data
2024-03-10 08:28:03 [ERROR] File uploaded: size=284KB checksum=93459
2024-03-10 08:28:14 [DEBUG] Session token refreshed for session_id=60871
2024-03-10 08:28:24 [WARNING] Health check passed for service=auth
2024-03-10 08:28:30 [INFO] Disk usage at 353% on /dev/sda1
2024-03-10 08:28:42 [ERROR] User login successful for user_id=38072
2024-03-10 08:28:55 [DEBUG] Cache miss for key=session:59529; fallback to database
2024-03-10 08:29:04 [ERROR] File uploaded: size=391KB checksum=72228
2024-03-10 08:29:13 [WARNING] Session token refreshed for session_id=75946
2024-03-10 08:29:23 [INFO] Background job completed: task_id=98609
2024-03-10 08:29:33 [DEBUG] Cache miss for key=session:65923; fallback to database
2024-03-10 08:29:39 [ERROR] Request processed in 107ms for /api/data
2024-03-10 08:29:50 [INFO] Cache miss for key=session:54736; fallback to database
2024-03-10 08:29:56 [INFO] Database query executed in 351ms
2024-03-10 08:30:06 [INFO] Background job completed: task_id=89389
2024-03-10 08:30:16 [ERROR] Database query executed in 41ms
2024-03-10 08:30:21 [WARNING] Disk usage at 769% on /dev/sda1
2024-03-10 08:30:31 [INFO] Request processed in 175ms for /api/data
2024-03-10 08:30:39 [INFO] User login successful for user_id=43516
2024-03-10 08:30:47 [ERROR] Background job completed: task_id=57450
2024-03-10 08:30:59 [DEBUG] Health check passed for service=auth
2024-03-10 08:31:05 [WARNING] Request processed in 896ms for /api/data
2024-03-10 08:31:18 [WARNING] Database query executed in 151ms
2024-03-10 08:31:29 [ERROR] Database query executed in 687ms
2024-03-10 08:31:40 [ERROR] File uploaded: size=80KB checksum=21706
2024-03-10 08:31:49 [ERROR] Rate limit triggered for IP 192.168.1.118
2024-03-10 08:31:57 [WARNING] Rate limit triggered for IP 192.168.1.62
2024-03-10 08:32:07 [ERROR] Health check passed for service=auth
2024-03-10 08:32:11 [DEBUG] Disk usage at 584% on /dev/sda1
2024-03-10 08:32:25 [INFO] Health check passed for service=auth
2024-03-10 08:32:33 [WARNING] Health check passed for service=auth
2024-03-10 08:32:40 [ERROR] Cache miss for key=session:83345; fallback to database
2024-03-10 08:32:54 [INFO] Disk usage at 39% on /dev/sda1
2024-03-10 08:33:03 [WARNING] Request processed in 339ms for /api/data
2024-03-10 08:33:13 [WARNING] Session token refreshed for session_id=18322
2024-03-10 08:33:22 [ERROR] Cache miss for key=session:34681; fallback to database
2024-03-10 08:33:33 [ERROR] Background job completed: task_id=16095
2024-03-10 08:33:38 [WARNING] Session token refreshed for session_id=89647
2024-03-10 08:33:48 [ERROR] Request processed in 19ms for /api/data
2024-03-10 08:34:00 [INFO] Database query executed in 693ms
2024-03-10 08:34:14 [ERROR] Health check passed for service=auth
2024-03-10 08:34:23 [INFO] Session token refreshed for session_id=62797
2024-03-10 08:34:35 [ERROR] Health check passed for service=auth
2024-03-10 08:34:49 [DEBUG] Disk usage at 423% on /dev/sda1
2024-03-10 08:34:55 [INFO] User login successful for user_id=40893
2024-03-10 08:35:00 [WARNING] File uploaded: size=402KB checksum=18781
2024-03-10 08:35:09 [DEBUG] Health check passed for service=auth
2024-03-10 08:35:19 [INFO] Database query executed in 422ms
2024-03-10 08:35:27 [INFO] Background job completed: task_id=29477
2024-03-10 08:35:34 [ERROR] Request processed in 381ms for /api/data
2024-03-10 08:35:48 [ERROR] User login successful for user_id=53184
2024-03-10 08:35:53 [DEBUG] Request processed in 222ms for /api/data
2024-03-10 08:36:07 [INFO] User login successful for user_id=44713
2024-03-10 08:36:20 [WARNING] Request processed in 217ms for /api/data
2024-03-10 08:36:27 [WARNING] Background job completed: task_id=20340
2024-03-10 08:36:40 [INFO] Disk usage at 138% on /dev/sda1
2024-03-10 08:36:48 [WARNING] Request processed in 892ms for /api/data
2024-03-10 08:36:54 [INFO] Background job completed: task_id=32186
2024-03-10 08:36:58 [WARNING] Disk usage at 134% on /dev/sda1
2024-03-10 08:37:08 [INFO] Request processed in 464ms for /api/data
2024-03-10 08:37:17 [INFO] Database query executed in 231ms
2024-03-10 08:37:30 [INFO] File uploaded: size=474KB checksum=40535
2024-03-10 08:37:34 [INFO] Database query executed in 441ms
2024-03-10 08:37:39 [DEBUG] Database query executed in 925ms
2024-03-10 08:37:48 [WARNING] Request processed in 286ms for /api/data
2024-03-10 08:38:02 [ERROR] Rate limit triggered for IP 192.168.1.77
2024-03-10 08:38:13 [DEBUG] Request processed in 122ms for /api/data
2024-03-10 08:38:27 [WARNING] Rate limit triggered for IP 192.168.1.60
2024-03-10 08:38:37 [ERROR] Database query executed in 430ms
2024-03-10 08:38:42 [ERROR] Rate limit triggered for IP 192.168.1.67
2024-03-10 08:38:51 [WARNING] Database query executed in 98ms
2024-03-10 08:38:56 [INFO] Rate limit triggered for IP 192.168.1.191
2024-03-10 08:39:05 [WARNING] File uploaded: size=605KB checksum=8861
2024-03-10 08:39:17 [ERROR] Request processed in 367ms for /api/data
2024-03-10 08:39:31 [DEBUG] User login successful for user_id=38700
2024-03-10 08:39:40 [INFO] Health check passed for service=auth
2024-03-10 08:39:54 [DEBUG] Session token refreshed for session_id=15184
2024-03-10 08:40:06 [ERROR] Request processed in 592ms for /api/data
2024-03-10 08:40:16 [INFO] Health check passed for service=auth
2024-03-10 08:40:24 [INFO] Cache miss for key=session:36818; fallback to database
2024-03-10 08:40:32 [ERROR] Background job completed: task_id=1800
2024-03-10 08:40:38 [DEBUG] Request processed in 763ms for /api/data
2024-03-10 08:40:42 [INFO] File uploaded: size=390KB checksum=29197
2024-03-10 08:40:53 [ERROR] Cache miss for key=session:49503; fallback to database
2024-03-10 08:41:02 [INFO] User login successful for user_id=21392
2024-03-10 08:41:15 [INFO] Request processed in 458ms for /api/data
2024-03-10 08:41:25 [DEBUG] Health check passed for service=auth
2024-03-10 08:41:32 [INFO] Background job completed: task_id=57349
2024-03-10 08:41:46 [DEBUG] File uploaded: size=320KB checksum=88442
2024-03-10 08:41:53 [DEBUG] Health check passed for service=auth
2024-03-10 08:42:01 [WARNING] Cache miss for key=session:34491; fallback to database
2024-03-10 08:42:06 [INFO] Database query executed in 445ms
2024-03-10 08:42:12 [DEBUG] File uploaded: size=240KB checksum=93231
2024-03-10 08:42:24 [ERROR] Request processed in 887ms for /api/data
2024-03-10 08:42:28 [DEBUG] User login successful for user_id=61260
2024-03-10 08:42:37 [DEBUG] Health check passed for service=auth
2024-03-10 08:42:47 [ERROR] Request processed in 26ms for /api/data
2024-03-10 08:42:56 [WARNING] Health check passed for service=auth
2024-03-10 08:43:05 [INFO] Rate limit triggered for IP 192.168.1.113
2024-03-10 08:43:18 [DEBUG] File uploaded: size=410KB checksum=11308
2024-03-10 08:43:26 [ERROR] Session token refreshed for session_id=44655
2024-03-10 08:43:31 [INFO] File uploaded: size=203KB checksum=67840
2024-03-10 08:43:40 [ERROR] Cache miss for key=session:31968; fallback to database
2024-03-10 08:43:48 [WARNING] Cache miss for key=session:79957; fallback to database
2024-03-10 08:44:02 [INFO] Cache miss for key=session:83306; fallback to database
2024-03-10 08:44:15 [DEBUG] Health check passed for service=auth
2024-03-10 08:44:28 [ERROR] Background job completed: task_id=20786
2024-03-10 08:44:39 [DEBUG] Disk usage at 610% on /dev/sda1
2024-03-10 08:44:48 [INFO] Disk usage at 467% on /dev/sda1
2024-03-10 08:44:52 [ERROR] Disk usage at 665% on /dev/sda1
2024-03-10 08:44:57 [DEBUG] Database query executed in 572ms
2024-03-10 08:45:01 [DEBUG] Health check passed for service=auth
2024-03-10 08:45:14 [DEBUG] File uploaded: size=985KB checksum=20773
2024-03-10 08:45:25 [INFO] Background job completed: task_id=94626
2024-03-10 08:45:39 [WARNING] User login successful for user_id=33472
2024-03-10 08:45:50 [WARNING] Background job completed: task_id=49870
2024-03-10 08:46:00 [DEBUG] Background job completed: task_id=89984
2024-03-10 08:46:14 [ERROR] Request processed in 101ms for /api/data
2024-03-10 08:46:28 [DEBUG] Disk usage at 746% on /dev/sda1
2024-03-10 08:46:42 [WARNING] Background job completed: task_id=11682
2024-03-10 08:46:48 [ERROR] Disk usage at 720% on /dev/sda1
2024-03-10 08:46:58 [WARNING] Health check passed for service=auth
2024-03-10 08:47:06 [DEBUG] Background job completed: task_id=17750
2024-03-10 08:47:20 [INFO] Rate limit triggered for IP 192.168.1.6
2024-03-10 08:47:29 [ERROR] Cache miss for key=session:29074; fallback to database
2024-03-10 08:47:40 [WARNING] Session token refreshed for session_id=19030
2024-03-10 08:47:48 [INFO] File uploaded: size=860KB checksum=71748
2024-03-10 08:48:00 [INFO] Background job completed: task_id=82006
2024-03-10 08:48:10 [WARNING] Cache miss for key=session:24703; fallback to database
2024-03-10 08:48:23 [WARNING] Database query executed in 425ms
2024-03-10 08:48:37 [WARNING] Database query executed in 296ms
2024-03-10 08:48:48 [WARNING] File uploaded: size=321KB checksum=32348
2024-03-10 08:48:59 [WARNING] Background job completed: task_id=89907
2024-03-10 08:49:10 [DEBUG] Disk usage at 519% on /dev/sda1
2024-03-10 08:49:20 [WARNING] Session token refreshed for session_id=80254
2024-03-10 09:36:29 [INFO] Database query executed in 572ms
2024-03-10 09:36:35 [INFO] Disk usage at 786% on /dev/sda1
2024-03-10 09:36:44 [DEBUG] File uploaded: size=855KB checksum=20313
2024-03-10 09:36:50 [WARNING] Database query executed in 957ms
2024-03-10 09:37:01 [INFO] Rate limit triggered for IP 192.168.1.62
2024-03-10 09:37:12 [INFO] Background job completed: task_id=30430
2024-03-10 09:37:18 [ERROR] Cache miss for key=session:19035; fallback to database
2024-03-10 09:37:30 [WARNING] Database query executed in 635ms
2024-03-10 09:37:36 [INFO] Disk usage at 860% on /dev/sda1
2024-03-10 09:37:49 [DEBUG] Request processed in 248ms for /api/data
2024-03-10 09:37:55 [INFO] Session token refreshed for session_id=56027
2024-03-10 09:38:09 [DEBUG] Request processed in 861ms for /api/data
2024-03-10 09:38:21 [INFO] File uploaded: size=252KB checksum=76372
2024-03-10 09:38:28 [ERROR] Rate limit triggered for IP 192.168.1.92
2024-03-10 09:38:36 [DEBUG] Cache miss for key=session:88080; fallback to database
2024-03-10 09:38:49 [ERROR] Request processed in 562ms for /api/data
2024-03-10 09:39:02 [INFO] Rate limit triggered for IP 192.168.1.164
2024-03-10 09:39:13 [ERROR] Disk usage at 21% on /dev/sda1
2024-03-10 09:39:19 [ERROR] Session token refreshed for session_id=97068
2024-03-10 09:39:25 [ERROR] Cache miss for key=session:6811; fallback to database
2024-03-10 09:39:35 [WARNING] Database query executed in 495ms
2024-03-10 09:39:42 [WARNING] Request processed in 799ms for /api/data
2024-03-10 09:39:54 [INFO] Disk usage at 49% on /dev/sda1
2024-03-10 09:40:02 [INFO] Background job completed: task_id=41642
2024-03-10 09:40:15 [DEBUG] Disk usage at 776% on /dev/sda1
2024-03-10 09:40:23 [ERROR] Background job completed: task_id=7265
2024-03-10 09:40:33 [ERROR] Request processed in 452ms for /api/data
2024-03-10 09:40:44 [DEBUG] Rate limit triggered for IP 192.168.1.129
2024-03-10 09:41:00 [DEBUG] Background job completed: task_id=69062
2024-03-10 09:41:06 [DEBUG] Request processed in 621ms for /api/data
2024-03-10 09:41:13 [ERROR] Background job completed: task_id=14447
2024-03-10 09:41:28 [ERROR] Disk usage at 622% on /dev/sda1
2024-03-10 09:41:39 [WARNING] Database query executed in 462ms
2024-03-10 09:41:55 [ERROR] Health check passed for service=auth
2024-03-10 09:42:00 [INFO] Rate limit triggered for IP 192.168.1.207
2024-03-10 09:42:16 [WARNING] User login successful for user_id=19714
2024-03-10 09:42:31 [DEBUG] User login successful for user_id=17545
2024-03-10 09:42:46 [ERROR] Background job completed: task_id=51181
2024-03-10 09:42:51 [WARNING] Database query executed in 385ms
2024-03-10 09:42:57 [WARNING] File uploaded: size=412KB checksum=49096
2024-03-10 09:43:12 [ERROR] Session token refreshed for session_id=15869
2024-03-10 09:43:19 [DEBUG] File uploaded: size=940KB checksum=51723
2024-03-10 09:43:25 [ERROR] Disk usage at 461% on /dev/sda1
2024-03-10 09:43:39 [ERROR] Database query executed in 130ms
2024-03-10 09:43:45 [DEBUG] Cache miss for key=session:94502; fallback to database
2024-03-10 09:44:00 [ERROR] Background job completed: task_id=94000
2024-03-10 09:44:13 [ERROR] Disk usage at 733% on /dev/sda1
2024-03-10 09:44:29 [WARNING] Background job completed: task_id=67683
2024-03-10 09:44:37 [WARNING] Session token refreshed for session_id=65752
2024-03-10 09:44:50 [ERROR] Database query executed in 137ms
2024-03-10 09:44:56 [INFO] Disk usage at 739% on /dev/sda1
2024-03-10 09:45:08 [DEBUG] Rate limit triggered for IP 192.168.1.34
2024-03-10 09:45:18 [INFO] Database query executed in 701ms
2024-03-10 09:45:28 [WARNING] File uploaded: size=606KB checksum=84859
2024-03-10 09:45:35 [DEBUG] File uploaded: size=856KB checksum=8263
2024-03-10 09:45:48 [WARNING] Disk usage at 170% on /dev/sda1
2024-03-10 09:46:04 [WARNING] Background job completed: task_id=69012
2024-03-10 09:46:10 [ERROR] Session token refreshed for session_id=84238
2024-03-10 09:46:19 [WARNING] Disk usage at 551% on /dev/sda1
2024-03-10 09:46:32 [WARNING] Health check passed for service=auth
2024-03-10 09:46:47 [ERROR] Health check passed for service=auth
2024-03-10 09:46:52 [INFO] User login successful for user_id=85076
2024-03-10 09:47:01 [WARNING] Health check passed for service=auth
2024-03-10 09:47:06 [DEBUG] File uploaded: size=662KB checksum=38967
2024-03-10 09:47:15 [DEBUG] Session token refreshed for session_id=90783
2024-03-10 09:47:27 [INFO] User login successful for user_id=21719
2024-03-10 09:47:39 [DEBUG] Session token refreshed for session_id=45589
2024-03-10 09:47:49 [ERROR] Background job completed: task_id=53260
2024-03-10 09:47:59 [INFO] Background job completed: task_id=32685
2024-03-10 09:48:08 [DEBUG] Session token refreshed for session_id=19465
2024-03-10 09:48:17 [DEBUG] Health check passed for service=auth
2024-03-10 09:48:24 [ERROR] Health check passed for service=auth
2024-03-10 09:48:31 [DEBUG] File uploaded: size=515KB checksum=62186
2024-03-10 09:48:40 [DEBUG] User login successful for user_id=12802
2024-03-10 09:48:53 [DEBUG] Session token refreshed for session_id=29199
2024-03-10 09:48:58 [INFO] Disk usage at 616% on /dev/sda1
2024-03-10 09:49:13 [DEBUG] Disk usage at 13% on /dev/sda1
2024-03-10 09:49:19 [DEBUG] Cache miss for key=session:35664; fallback to database
2024-03-10 09:49:30 [ERROR] User login successful for user_id=53505
2024-03-10 09:49:43 [WARNING] Background job completed: task_id=73512
2024-03-10 09:49:54 [DEBUG] File uploaded: size=850KB checksum=37663
2024-03-10 09:50:09 [INFO] Cache miss for key=session:13672; fallback to database
2024-03-10 09:50:19 [ERROR] Cache miss for key=session:27090; fallback to database
2024-03-10 09:50:30 [INFO] User login successful for user_id=6100
2024-03-10 09:50:40 [DEBUG] File uploaded: size=157KB checksum=60898
2024-03-10 09:50:53 [WARNING] Background job completed: task_id=81356
2024-03-10 09:51:04 [ERROR] Health check passed for service=auth
2024-03-10 09:51:17 [DEBUG] Health check passed for service=auth
2024-03-10 09:51:22 [ERROR] Background job completed: task_id=89317
2024-03-10 09:51:33 [ERROR] User login successful for user_id=79238
2024-03-10 09:51:48 [WARNING] User login successful for user_id=77483
2024-03-10 09:52:01 [DEBUG] Cache miss for key=session:90224; fallback to database
2024-03-10 09:52:15 [INFO] Session token refreshed for session_id=3482
2024-03-10 09:52:26 [WARNING] Rate limit triggered for IP 192.168.1.107
2024-03-10 09:52:39 [DEBUG] User login successful for user_id=93507
2024-03-10 09:52:47 [ERROR] Database query executed in 390ms
2024-03-10 09:52:54 [DEBUG] File uploaded: size=564KB checksum=45869
2024-03-10 09:53:09 [ERROR] Health check passed for service=auth
2024-03-10 09:53:17 [ERROR] File uploaded: size=235KB checksum=40124
2024-03-10 09:53:26 [ERROR] Session token refreshed for session_id=91471
2024-03-10 09:53:36 [DEBUG] Background job completed: task_id=74464
2024-03-10 09:53:52 [ERROR] Disk usage at 592% on /dev/sda1
2024-03-10 09:54:05 [DEBUG] Rate limit triggered for IP 192.168.1.199
2024-03-10 09:54:12 [ERROR] User login successful for user_id=38700
2024-03-10 09:54:18 [ERROR] Database query executed in 267ms
2024-03-10 09:54:30 [WARNING] Session token refreshed for session_id=71592
2024-03-10 09:54:43 [ERROR] Cache miss for key=session:15316; fallback to database
2024-03-10 09:54:57 [WARNING] Session token refreshed for session_id=7653
2024-03-10 09:55:10 [WARNING] Session token refreshed for session_id=7880
2024-03-10 09:55:20 [DEBUG] Request processed in 794ms for /api/data
2024-03-10 09:55:25 [WARNING] Rate limit triggered for IP 192.168.1.227
2024-03-10 09:55:37 [DEBUG] Session token refreshed for session_id=38649
2024-03-10 09:55:52 [INFO] Request processed in 592ms for /api/data
2024-03-10 09:56:05 [INFO] Cache miss for key=session:55773; fallback to database
2024-03-10 09:56:12 [INFO] Rate limit triggered for IP 192.168.1.241
2024-03-10 09:56:28 [ERROR] User login successful for user_id=2214
2024-03-10 09:56:42 [INFO] Background job completed: task_id=38298
2024-03-10 09:56:55 [DEBUG] Cache miss for key=session:67088; fallback to database
2024-03-10 09:57:03 [INFO] Background job completed: task_id=22298
2024-03-10 09:57:18 [ERROR] Cache miss for key=session:2846; fallback to database
2024-03-10 09:57:27 [WARNING] Cache miss for key=session:81079; fallback to database
2024-03-10 09:57:38 [DEBUG] File uploaded: size=93KB checksum=43982
2024-03-10 09:57:53 [INFO] Cache miss for key=session:19430; fallback to database
2024-03-10 09:58:01 [INFO] Disk usage at 246% on /dev/sda1
2024-03-10 09:58:10 [ERROR] Disk usage at 745% on /dev/sda1
2024-03-10 09:58:15 [ERROR] Background job completed: task_id=91802
2024-03-10 09:58:30 [INFO] Database query executed in 168ms
2024-03-10 09:58:45 [ERROR] Request processed in 943ms for /api/data
2024-03-10 09:58:54 [ERROR] Health check passed for service=auth
2024-03-10 09:59:01 [DEBUG] Cache miss for key=session:60634; fallback to database
2024-03-10 09:59:11 [DEBUG] File uploaded: size=780KB checksum=62712
2024-03-10 09:59:26 [WARNING] Session token refreshed for session_id=90173
2024-03-10 09:59:32 [DEBUG] File uploaded: size=375KB checksum=93244
2024-03-10 09:59:46 [INFO] User login successful for user_id=72781
2024-03-10 09:59:54 [WARNING] Cache miss for key=session:44007; fallback to database
2024-03-10 10:00:06 [INFO] Session token refreshed for session_id=94967
2024-03-10 10:00:12 [DEBUG] User login successful for user_id=60432
2024-03-10 10:00:23 [DEBUG] Health check passed for service=auth
2024-03-10 10:00:38 [ERROR] User login successful for user_id=52897
2024-03-10 10:00:43 [WARNING] Health check passed for service=auth
2024-03-10 10:00:53 [INFO] File uploaded: size=962KB checksum=8897
2024-03-10 10:00:59 [DEBUG] User login successful for user_id=38629
2024-03-10 10:01:06 [DEBUG] Background job completed: task_id=51132
2024-03-10 10:01:17 [DEBUG] Request processed in 992ms for /api/data
2024-03-10 10:01:30 [WARNING] Background job completed: task_id=16549
2024-03-10 10:01:41 [WARNING] Session token refreshed for session_id=1455
2024-03-10 10:01:50 [DEBUG] File uploaded: size=549KB checksum=56591
2024-03-10 10:01:58 [WARNING] Database query executed in 163ms
2024-03-10 10:02:06 [INFO] User login successful for user_id=87533
2024-03-10 10:02:11 [WARNING] Session token refreshed for session_id=9819
2024-03-10 10:02:16 [DEBUG] Health check passed for service=auth
2024-03-10 10:02:21 [WARNING] User login successful for user_id=53725
2024-03-10 10:02:34 [WARNING] User login successful for user_id=19367
2024-03-10 10:02:42 [ERROR] Health check passed for service=auth
2024-03-10 10:02:52 [WARNING] Disk usage at 681% on /dev/sda1
2024-03-10 10:03:00 [DEBUG] Disk usage at 67% on /dev/sda1
2024-03-10 10:03:14 [WARNING] Rate limit triggered for IP 192.168.1.14
2024-03-10 10:03:24 [DEBUG] File uploaded: size=718KB checksum=42777
2024-03-10 10:03:35 [WARNING] Disk usage at 193% on /dev/sda1
2024-03-10 10:03:48 [DEBUG] Session token refreshed for session_id=30536
2024-03-10 10:04:04 [WARNING] Database query executed in 580ms
2024-03-10 10:04:15 [WARNING] Rate limit triggered for IP 192.168.1.54
2024-03-10 10:04:25 [INFO] Database query executed in 99ms
2024-03-10 10:04:41 [WARNING] User login successful for user_id=36187
2024-03-10 10:04:55 [INFO] Request processed in 828ms for /api/data
2024-03-10 10:05:09 [WARNING] Database query executed in 895ms
2024-03-10 10:05:19 [ERROR] User login successful for user_id=28762
2024-03-10 10:05:35 [INFO] Database query executed in 717ms
2024-03-10 10:05:51 [WARNING] Rate limit triggered for IP 192.168.1.84
2024-03-10 10:06:00 [DEBUG] Database query executed in 669ms
2024-03-10 10:06:09 [ERROR] Background job completed: task_id=68215
2024-03-10 10:06:21 [INFO] Database query executed in 941ms
2024-03-10 10:06:31 [ERROR] Rate limit triggered for IP 192.168.1.223
2024-03-10 10:06:39 [WARNING] User login successful for user_id=35180
2024-03-10 10:06:53 [DEBUG] Disk usage at 205% on /dev/sda1
2024-03-10 10:07:01 [DEBUG] Health check passed for service=auth
2024-03-10 10:07:16 [ERROR] Disk usage at 994% on /dev/sda1
2024-03-10 10:07:31 [DEBUG] Database query executed in 755ms
2024-03-10 10:07:41 [WARNING] Cache miss for key=session:95412; fallback to database
2024-03-10 10:07:48 [INFO] File uploaded: size=864KB checksum=5433
2024-03-10 10:07:54 [INFO] User login successful for user_id=55053
2024-03-10 10:08:09 [WARNING] Request processed in 159ms for /api/data
2024-03-10 10:08:17 [DEBUG] Background job completed: task_id=8923
2024-03-10 10:08:32 [DEBUG] Database query executed in 11ms
2024-03-10 10:08:45 [DEBUG] User login successful for user_id=3192
2024-03-10 10:08:54 [ERROR] User login successful for user_id=66826
2024-03-10 10:09:09 [DEBUG] Cache miss for key=session:15026; fallback to database
2024-03-10 10:09:22 [WARNING] Session token refreshed for session_id=26156
2024-03-10 10:09:31 [ERROR] Disk usage at 85% on /dev/sda1
2024-03-10 10:09:42 [DEBUG] Health check passed for service=auth
2024-03-10 10:09:51 [INFO] User login successful for user_id=13255
2024-03-10 10:10:02 [DEBUG] User login successful for user_id=84459
2024-03-10 10:10:09 [INFO] Database query executed in 665ms
2024-03-10 10:10:19 [INFO] File uploaded: size=240KB checksum=6577
2024-03-10 10:10:35 [DEBUG] Disk usage at 951% on /dev/sda1
2024-03-10 10:10:50 [ERROR] File uploaded: size=678KB checksum=74860
2024-03-10 10:10:57 [ERROR] User login successful for user_id=28152
2024-03-10 10:11:13 [DEBUG] Request processed in 171ms for /api/data
2024-03-10 10:11:21 [DEBUG] File uploaded: size=398KB checksum=44480
2024-03-10 10:11:37 [WARNING] Request processed in 768ms for /api/data
2024-03-10 10:11:47 [INFO] Request processed in 242ms for /api/data
2024-03-10 10:11:53 [ERROR] Health check passed for service=auth
2024-03-10 10:12:04 [ERROR] User login successful for user_id=84115
2024-03-10 10:12:16 [DEBUG] Session token refreshed for session_id=47636
2024-03-10 10:12:27 [DEBUG] Cache miss for key=session:90088; fallback to database
2024-03-10 10:12:38 [INFO] Health check passed for service=auth
2024-03-10 10:12:54 [INFO] Request processed in 162ms for /api/data
2024-03-10 10:13:10 [WARNING] Rate limit triggered for IP 192.168.1.29
2024-03-10 10:13:16 [INFO] Disk usage at 373% on /dev/sda1
2024-03-10 10:13:25 [INFO] Cache miss for key=session:12442; fallback to database
2024-03-10 10:13:37 [DEBUG] Request processed in 96ms for /api/data
2024-03-10 10:13:50 [INFO] Health check passed for service=auth
2024-03-10 10:14:01 [INFO] Disk usage at 402% on /dev/sda1
2024-03-10 10:14:07 [WARNING] Health check passed for service=auth
2024-03-10 10:14:18 [WARNING] Cache miss for key=session:36247; fallback to database
2024-03-10 10:14:30 [WARNING] Request processed in 450ms for /api/data
2024-03-10 10:14:41 [ERROR] Database query executed in 374ms
2024-03-10 10:14:49 [DEBUG] Health check passed for service=auth
2024-03-10 10:14:55 [WARNING] Disk usage at 976% on /dev/sda1
2024-03-10 10:15:05 [DEBUG] Background job completed: task_id=58700
--- log rotate boundary detected ---
2024-03-10 10:15:20 [WARNING] Disk usage at 622% on /dev/sda1
2024-03-10 10:15:36 [WARNING] Database query executed in 186ms
2024-03-10 10:15:47 [ERROR] Disk usage at 716% on /dev/sda1
2024-03-10 10:15:59 [WARNING] Background job completed: task_id=50290
2024-03-10 10:16:10 [ERROR] Request processed in 209ms for /api/data
2024-03-10 10:16:23 [WARNING] File uploaded: size=980KB checksum=4527
2024-03-10 10:16:35 [WARNING] Database query executed in 856ms
2024-03-10 10:16:41 [DEBUG] Database query executed in 653ms
2024-03-10 10:16:49 [ERROR] Cache miss for key=session:94747; fallback to database
2024-03-10 10:17:00 [INFO] Database query executed in 495ms
2024-03-10 10:17:11 [DEBUG] File uploaded: size=814KB checksum=5818
2024-03-10 10:17:21 [INFO] Request processed in 678ms for /api/data
2024-03-10 10:17:31 [WARNING] Health check passed for service=auth
2024-03-10 10:17:46 [DEBUG] Background job completed: task_id=57420
2024-03-10 10:17:52 [ERROR] Session token refreshed for session_id=67935
2024-03-10 10:18:05 [WARNING] Database query executed in 405ms
2024-03-10 10:18:20 [WARNING] Background job completed: task_id=4219
2024-03-10 10:18:29 [DEBUG] Request processed in 856ms for /api/data
2024-03-10 10:18:45 [WARNING] Background job completed: task_id=41880
2024-03-10 10:18:53 [DEBUG] Background job completed: task_id=63411
2024-03-10 10:19:09 [DEBUG] Background job completed: task_id=9804
2024-03-10 10:19:25 [INFO] User login successful for user_id=45967
2024-03-10 10:19:40 [WARNING] Session token refreshed for session_id=68632
2024-03-10 10:19:47 [ERROR] File uploaded: size=986KB checksum=56885
2024-03-10 10:19:55 [DEBUG] Cache miss for key=session:25430; fallback to database
2024-03-10 10:20:06 [DEBUG] User login successful for user_id=97650
2024-03-10 10:20:14 [DEBUG] Health check passed for service=auth
2024-03-10 10:20:30 [WARNING] Session token refreshed for session_id=37483
2024-03-10 10:20:36 [INFO] File uploaded: size=379KB checksum=25505
2024-03-10 10:20:44 [DEBUG] Request processed in 691ms for /api/data
2024-03-10 10:20:56 [ERROR] Health check passed for service=auth
2024-03-10 10:21:10 [INFO] Background job completed: task_id=47135
2024-03-10 10:21:24 [WARNING] Disk usage at 609% on /dev/sda1
2024-03-10 10:21:39 [WARNING] Background job completed: task_id=16448
2024-03-10 10:21:45 [WARNING] Background job completed: task_id=91890
2024-03-10 10:21:56 [DEBUG] Health check passed for service=auth
2024-03-10 10:22:07 [WARNING] Database query executed in 555ms
2024-03-10 10:22:22 [WARNING] File uploaded: size=506KB checksum=22871
2024-03-10 10:22:29 [WARNING] Background job completed: task_id=60113
2024-03-10 10:22:39 [INFO] Database query executed in 204ms
2024-03-10 10:22:50 [DEBUG] Rate limit triggered for IP 192.168.1.108
2024-03-10 10:23:06 [DEBUG] Database query executed in 89ms
2024-03-10 10:23:11 [WARNING] Disk usage at 286% on /dev/sda1
2024-03-10 10:23:24 [ERROR] Cache miss for key=session:60942; fallback to database
2024-03-10 10:23:36 [INFO] Health check passed for service=auth
2024-03-10 10:23:49 [ERROR] File uploaded: size=783KB checksum=6453
2024-03-10 10:24:01 [WARNING] Rate limit triggered for IP 192.168.1.214
2024-03-10 10:24:16 [WARNING] Disk usage at 465% on /dev/sda1
2024-03-10 10:24:26 [INFO] Database query executed in 799ms
2024-03-10 10:24:34 [WARNING] Health check passed for service=auth
2024-03-10 10:24:50 [DEBUG] Cache miss for key=session:81760; fallback to database
2024-03-10 10:24:58 [WARNING] User login successful for user_id=75720
2024-03-10 10:25:07 [WARNING] Background job completed: task_id=93281
2024-03-10 10:25:21 [ERROR] File uploaded: size=839KB checksum=90037
2024-03-10 10:25:28 [DEBUG] User login successful for user_id=37349
2024-03-10 10:25:35 [WARNING] Session token refreshed for session_id=20168
2024-03-10 10:25:43 [DEBUG] Database query executed in 596ms
2024-03-10 10:25:52 [DEBUG] Rate limit triggered for IP 192.168.1.164
2024-03-10 10:25:58 [DEBUG] File uploaded: size=289KB checksum=99278
2024-03-10 10:26:08 [DEBUG] Database query executed in 600ms
2024-03-10 10:26:24 [INFO] Database query executed in 685ms
2024-03-10 10:26:34 [INFO] File uploaded: size=228KB checksum=53129
2024-03-10 10:26:45 [WARNING] Database query executed in 335ms
2024-03-10 10:26:54 [ERROR] File uploaded: size=138KB checksum=76750
2024-03-10 10:27:06 [ERROR] User login successful for user_id=7021
2024-03-10 10:27:18 [INFO] Request processed in 456ms for /api/data
2024-03-10 10:27:23 [DEBUG] Session token refreshed for session_id=91255
2024-03-10 10:27:38 [ERROR] Cache miss for key=session:36916; fallback to database
2024-03-10 10:27:48 [ERROR] Request processed in 685ms for /api/data
2024-03-10 10:28:03 [WARNING] User login successful for user_id=52949
2024-03-10 13:40:09 [DEBUG] Request processed in 102ms for /api/data
2024-03-10 13:40:15 [DEBUG] Request processed in 612ms for /api/data
2024-03-10 13:40:26 [DEBUG] User login successful for user_id=2056
2024-03-10 13:40:30 [DEBUG] Cache miss for key=session:63613; fallback to database
2024-03-10 13:40:39 [INFO] Request processed in 325ms for /api/data
2024-03-10 13:40:46 [WARNING] Rate limit triggered for IP 192.168.1.36
2024-03-10 13:40:51 [INFO] File uploaded: size=13KB checksum=74831
2024-03-10 13:40:56 [DEBUG] Background job completed: task_id=95690
2024-03-10 13:41:01 [DEBUG] Health check passed for service=auth
2024-03-10 13:41:07 [INFO] Request processed in 775ms for /api/data
2024-03-10 13:41:19 [DEBUG] Background job completed: task_id=57280
2024-03-10 13:41:24 [WARNING] Disk usage at 91% on /dev/sda1
2024-03-10 13:41:35 [ERROR] User login successful for user_id=87298
2024-03-10 13:41:41 [WARNING] Rate limit triggered for IP 192.168.1.15
2024-03-10 13:41:47 [DEBUG] Rate limit triggered for IP 192.168.1.129
2024-03-10 13:41:59 [INFO] File uploaded: size=374KB checksum=2581
2024-03-10 13:42:07 [WARNING] Rate limit triggered for IP 192.168.1.95
2024-03-10 13:42:18 [WARNING] Database query executed in 22ms
2024-03-10 13:42:22 [INFO] Disk usage at 45% on /dev/sda1
2024-03-10 13:42:25 [DEBUG] File uploaded: size=648KB checksum=38550
2024-03-10 13:42:36 [DEBUG] Rate limit triggered for IP 192.168.1.23
2024-03-10 13:42:47 [WARNING] Disk usage at 322% on /dev/sda1
2024-03-10 13:42:58 [WARNING] Cache miss for key=session:71305; fallback to database
2024-03-10 13:43:10 [INFO] Disk usage at 452% on /dev/sda1
2024-03-10 13:43:16 [INFO] Session token refreshed for session_id=12300
2024-03-10 13:43:20 [DEBUG] Health check passed for service=auth
2024-03-10 13:43:25 [INFO] User login successful for user_id=93785
2024-03-10 13:43:28 [WARNING] Database query executed in 540ms
2024-03-10 13:43:35 [WARNING] Background job completed: task_id=17637
2024-03-10 13:43:42 [INFO] User login successful for user_id=44910
2024-03-10 13:43:49 [INFO] Disk usage at 595% on /dev/sda1
2024-03-10 13:43:53 [DEBUG] Database query executed in 373ms
2024-03-10 13:44:03 [WARNING] Background job completed: task_id=21618
2024-03-10 13:44:07 [INFO] Session token refreshed for session_id=98095
2024-03-10 13:44:10 [INFO] Session token refreshed for session_id=7026
2024-03-10 13:44:19 [WARNING] Cache miss for key=session:5635; fallback to database
2024-03-10 13:44:28 [WARNING] Background job completed: task_id=33540
2024-03-10 13:44:36 [ERROR] Request processed in 386ms for /api/data
2024-03-10 13:44:47 [INFO] Cache miss for key=session:30253; fallback to database
2024-03-10 13:44:50 [DEBUG] Request processed in 891ms for /api/data
2024-03-10 13:44:57 [ERROR] Request processed in 472ms for /api/data
2024-03-10 13:45:05 [WARNING] Disk usage at 808% on /dev/sda1
2024-03-10 13:45:17 [WARNING] Database query executed in 610ms
2024-03-10 13:45:27 [WARNING] File uploaded: size=159KB checksum=33129
2024-03-10 13:45:36 [INFO] Session token refreshed for session_id=71981
2024-03-10 13:45:39 [ERROR] User login successful for user_id=87154
2024-03-10 13:45:46 [INFO] Session token refreshed for session_id=70443
2024-03-10 13:45:56 [INFO] Cache miss for key=session:94277; fallback to database
2024-03-10 13:45:59 [WARNING] File uploaded: size=722KB checksum=55140
2024-03-10 13:46:07 [DEBUG] Request processed in 102ms for /api/data
2024-03-10 13:46:12 [DEBUG] Request processed in 586ms for /api/data
2024-03-10 13:46:21 [WARNING] Session token refreshed for session_id=39230
2024-03-10 13:46:29 [DEBUG] Background job completed: task_id=42688
2024-03-10 13:46:35 [INFO] Session token refreshed for session_id=18840
2024-03-10 13:46:47 [INFO] Cache miss for key=session:14848; fallback to database
2024-03-10 13:46:57 [ERROR] Rate limit triggered for IP 192.168.1.93
2024-03-10 13:47:03 [DEBUG] Disk usage at 276% on /dev/sda1
2024-03-10 13:47:07 [INFO] Cache miss for key=session:90922; fallback to database
2024-03-10 13:47:19 [INFO] Session token refreshed for session_id=43964
2024-03-10 13:47:25 [ERROR] Rate limit triggered for IP 192.168.1.175
2024-03-10 13:47:32 [ERROR] Cache miss for key=session:5073; fallback to database
2024-03-10 13:47:42 [WARNING] Request processed in 109ms for /api/data
2024-03-10 13:47:47 [INFO] User login successful for user_id=9083
2024-03-10 13:47:53 [WARNING] Session token refreshed for session_id=53505
2024-03-10 13:47:57 [ERROR] Request processed in 71ms for /api/data
2024-03-10 13:48:07 [WARNING] Request processed in 130ms for /api/data
2024-03-10 13:48:17 [INFO] Cache miss for key=session:76220; fallback to database
2024-03-10 13:48:26 [DEBUG] User login successful for user_id=51165
2024-03-10 13:48:31 [ERROR] Session token refreshed for session_id=25530
2024-03-10 13:48:41 [WARNING] User login successful for user_id=81492
2024-03-10 13:48:47 [ERROR] Database query executed in 908ms
2024-03-10 13:48:57 [INFO] Request processed in 397ms for /api/data
2024-03-10 13:49:06 [WARNING] File uploaded: size=650KB checksum=33656
2024-03-10 13:49:17 [INFO] Rate limit triggered for IP 192.168.1.124
2024-03-10 13:49:28 [DEBUG] Background job completed: task_id=75141
2024-03-10 13:49:37 [ERROR] Cache miss for key=session:4416; fallback to database
2024-03-10 13:49:43 [INFO] Disk usage at 833% on /dev/sda1
2024-03-10 13:49:54 [ERROR] Health check passed for service=auth
2024-03-10 13:50:00 [WARNING] Disk usage at 840% on /dev/sda1
2024-03-10 13:50:03 [WARNING] Health check passed for service=auth
2024-03-10 13:50:08 [WARNING] Session token refreshed for session_id=78662
2024-03-10 13:50:16 [INFO] Background job completed: task_id=75403
2024-03-10 13:50:28 [WARNING] Database query executed in 321ms
2024-03-10 13:50:38 [INFO] Request processed in 243ms for /api/data
2024-03-10 13:50:44 [INFO] File uploaded: size=5KB checksum=63650
2024-03-10 13:50:56 [WARNING] Cache miss for key=session:45663; fallback to database
2024-03-10 13:51:04 [INFO] User login successful for user_id=20360
2024-03-10 13:51:09 [INFO] File uploaded: size=988KB checksum=48826
2024-03-10 13:51:17 [DEBUG] Health check passed for service=auth
2024-03-10 13:51:25 [WARNING] Cache miss for key=session:96990; fallback to database
2024-03-10 13:51:35 [ERROR] Cache miss for key=session:93691; fallback to database
2024-03-10 13:51:47 [ERROR] Session token refreshed for session_id=88232
2024-03-10 13:51:52 [DEBUG] Disk usage at 710% on /dev/sda1
2024-03-10 13:51:57 [WARNING] User login successful for user_id=93013
2024-03-10 13:52:06 [INFO] Cache miss for key=session:79956; fallback to database
2024-03-10 13:52:18 [WARNING] Health check passed for service=auth
2024-03-10 13:52:23 [ERROR] Request processed in 360ms for /api/data
2024-03-10 13:52:31 [WARNING] Request processed in 691ms for /api/data
2024-03-10 13:52:39 [DEBUG] User login successful for user_id=35761
2024-03-10 13:52:43 [ERROR] Disk usage at 742% on /dev/sda1
2024-03-10 13:52:46 [DEBUG] Database query executed in 434ms
2024-03-10 13:52:51 [DEBUG] Database query executed in 364ms
2024-03-10 13:53:00 [INFO] Database query executed in 671ms
2024-03-10 13:53:06 [WARNING] Database query executed in 823ms
2024-03-10 13:53:09 [ERROR] User login successful for user_id=42774
2024-03-10 13:53:13 [INFO] Background job completed: task_id=23296
2024-03-10 13:53:18 [INFO] File uploaded: size=351KB checksum=13203
2024-03-10 13:53:30 [DEBUG] User login successful for user_id=57534
2024-03-10 13:53:35 [DEBUG] Cache miss for key=session:8019; fallback to database
2024-03-10 13:53:41 [WARNING] Rate limit triggered for IP 192.168.1.186
2024-03-10 13:53:52 [ERROR] Disk usage at 248% on /dev/sda1
2024-03-10 13:53:55 [DEBUG] Health check passed for service=auth
2024-03-10 13:54:00 [INFO] Background job completed: task_id=1500
2024-03-10 13:54:07 [DEBUG] Session token refreshed for session_id=13712
2024-03-10 13:54:12 [ERROR] Request processed in 869ms for /api/data
2024-03-10 13:54:19 [DEBUG] Database query executed in 921ms
2024-03-10 13:54:26 [INFO] File uploaded: size=194KB checksum=51793
2024-03-10 13:54:35 [ERROR] Cache miss for key=session:59428; fallback to database
2024-03-10 13:54:45 [DEBUG] Disk usage at 862% on /dev/sda1
2024-03-10 13:54:57 [INFO] Cache miss for key=session:99596; fallback to database
2024-03-10 13:55:01 [INFO] Background job completed: task_id=71968
2024-03-10 13:55:13 [WARNING] File uploaded: size=865KB checksum=8993
2024-03-10 13:55:24 [DEBUG] File uploaded: size=892KB checksum=91055
2024-03-10 13:55:34 [WARNING] Database query executed in 85ms
2024-03-10 13:55:37 [WARNING] Request processed in 182ms for /api/data
2024-03-10 13:55:42 [WARNING] Session token refreshed for session_id=17539
2024-03-10 13:55:46 [DEBUG] Session token refreshed for session_id=83211
2024-03-10 13:55:58 [ERROR] Background job completed: task_id=96302
2024-03-10 13:56:02 [INFO] Rate limit triggered for IP 192.168.1.143
2024-03-10 13:56:10 [ERROR] File uploaded: size=944KB checksum=61051
2024-03-10 13:56:13 [DEBUG] Request processed in 158ms for /api/data
2024-03-10 13:56:25 [INFO] Request processed in 803ms for /api/data
2024-03-10 13:56:32 [ERROR] Rate limit triggered for IP 192.168.1.169
2024-03-10 13:56:42 [DEBUG] User login successful for user_id=23570
2024-03-10 13:56:47 [DEBUG] User login successful for user_id=52877
2024-03-10 13:56:55 [WARNING] User login successful for user_id=98746
2024-03-10 13:57:02 [ERROR] User login successful for user_id=45284
2024-03-10 13:57:09 [ERROR] Disk usage at 883% on /dev/sda1
2024-03-10 13:57:13 [WARNING] Cache miss for key=session:40384; fallback to database
2024-03-10 13:57:21 [ERROR] Rate limit triggered for IP 192.168.1.24
2024-03-10 13:57:27 [DEBUG] Session token refreshed for session_id=54368
2024-03-10 13:57:38 [ERROR] User login successful for user_id=68537
2024-03-10 13:57:42 [ERROR] File uploaded: size=143KB checksum=53872
2024-03-10 13:57:53 [INFO] Cache miss for key=session:26265; fallback to database
2024-03-10 13:57:59 [INFO] Session token refreshed for session_id=5334
2024-03-10 13:58:07 [WARNING] Disk usage at 848% on /dev/sda1
2024-03-10 13:58:18 [DEBUG] Request processed in 36ms for /api/data
2024-03-10 13:58:26 [DEBUG] Health check passed for service=auth
2024-03-10 13:58:36 [ERROR] Background job completed: task_id=22432
2024-03-10 13:58:43 [INFO] Disk usage at 400% on /dev/sda1
2024-03-10 13:58:48 [WARNING] Session token refreshed for session_id=85853
2024-03-10 13:58:54 [ERROR] Rate limit triggered for IP 192.168.1.223
2024-03-10 13:58:57 [DEBUG] Cache miss for key=session:85852; fallback to database
2024-03-10 13:59:00 [WARNING] Disk usage at 829% on /dev/sda1
2024-03-10 13:59:07 [ERROR] Rate limit triggered for IP 192.168.1.91
2024-03-10 13:59:17 [ERROR] Session token refreshed for session_id=62171
2024-03-10 13:59:28 [DEBUG] Health check passed for service=auth
2024-03-10 13:59:36 [ERROR] Disk usage at 115% on /dev/sda1
2024-03-10 13:59:40 [ERROR] Disk usage at 337% on /dev/sda1
2024-03-10 13:59:47 [ERROR] Disk usage at 158% on /dev/sda1
2024-03-10 13:59:53 [INFO] Health check passed for service=auth
2024-03-10 13:59:58 [INFO] Database query executed in 270ms
2024-03-10 14:00:07 [DEBUG] Rate limit triggered for IP 192.168.1.151
2024-03-10 14:00:19 [WARNING] Background job completed: task_id=96230
2024-03-10 14:00:30 [DEBUG] Background job completed: task_id=67494
2024-03-10 14:00:35 [WARNING] Disk usage at 487% on /dev/sda1
2024-03-10 14:00:42 [WARNING] Background job completed: task_id=86778
2024-03-10 14:00:50 [WARNING] Disk usage at 812% on /dev/sda1
2024-03-10 14:00:58 [ERROR] Disk usage at 306% on /dev/sda1
2024-03-10 14:01:02 [DEBUG] User login successful for user_id=84151
2024-03-10 14:01:14 [INFO] Database query executed in 517ms
2024-03-10 14:01:23 [ERROR] Rate limit triggered for IP 192.168.1.220
2024-03-10 14:01:28 [WARNING] Session token refreshed for session_id=45914
2024-03-10 14:01:40 [DEBUG] Cache miss for key=session:42469; fallback to database
2024-03-10 14:01:45 [INFO] Database query executed in 651ms
2024-03-10 14:01:50 [ERROR] User login successful for user_id=1617
2024-03-10 14:01:56 [WARNING] Health check passed for service=auth
2024-03-10 14:02:00 [WARNING] Health check passed for service=auth
2024-03-10 14:02:09 [DEBUG] Database query executed in 9ms
2024-03-10 14:02:20 [WARNING] Background job completed: task_id=2845
2024-03-10 14:02:31 [WARNING] User login successful for user_id=89702
2024-03-10 14:02:37 [WARNING] Background job completed: task_id=41906
2024-03-10 14:02:46 [ERROR] Cache miss for key=session:9557; fallback to database
2024-03-10 14:02:53 [ERROR] Database query executed in 537ms
2024-03-10 14:03:04 [ERROR] Rate limit triggered for IP 192.168.1.89
2024-03-10 14:03:14 [ERROR] Session token refreshed for session_id=22611
2024-03-10 14:03:23 [INFO] Session token refreshed for session_id=30402
2024-03-10 14:03:28 [WARNING] User login successful for user_id=78292
2024-03-10 14:03:32 [ERROR] User login successful for user_id=50177
2024-03-10 14:03:39 [INFO] Health check passed for service=auth
2024-03-10 14:03:42 [INFO] Request processed in 459ms for /api/data
2024-03-10 14:03:46 [ERROR] Database query executed in 161ms
2024-03-10 14:03:49 [ERROR] Rate limit triggered for IP 192.168.1.171
2024-03-10 14:04:00 [ERROR] Health check passed for service=auth
2024-03-10 14:04:09 [INFO] File uploaded: size=637KB checksum=95210
2024-03-10 14:04:16 [INFO] Request processed in 208ms for /api/data
2024-03-10 14:04:22 [ERROR] File uploaded: size=371KB checksum=27433
2024-03-10 14:04:31 [ERROR] Cache miss for key=session:6164; fallback to database
2024-03-10 14:04:37 [DEBUG] Background job completed: task_id=31737
2024-03-10 14:04:41 [INFO] Health check passed for service=auth
2024-03-10 14:04:45 [INFO] Request processed in 664ms for /api/data
2024-03-10 14:04:55 [ERROR] Disk usage at 56% on /dev/sda1
2024-03-10 14:05:00 [INFO] Disk usage at 825% on /dev/sda1
2024-03-10 14:05:08 [DEBUG] Request processed in 876ms for /api/data
2024-03-10 14:05:11 [INFO] Cache miss for key=session:87947; fallback to database
2024-03-10 14:05:19 [ERROR] Database query executed in 279ms
2024-03-10 14:05:23 [ERROR] Background job completed: task_id=24969
2024-03-10 14:05:32 [DEBUG] Disk usage at 711% on /dev/sda1
2024-03-10 14:05:42 [DEBUG] Cache miss for key=session:15818; fallback to database
2024-03-10 14:05:45 [WARNING] Request processed in 938ms for /api/data
2024-03-10 14:05:55 [DEBUG] Cache miss for key=session:81127; fallback to database
2024-03-10 14:06:03 [INFO] Cache miss for key=session:64318; fallback to database
2024-03-10 14:06:07 [DEBUG] Database query executed in 69ms
2024-03-10 14:06:15 [INFO] File uploaded: size=595KB checksum=98468
2024-03-10 14:06:27 [WARNING] Background job completed: task_id=69039
2024-03-10 14:06:39 [INFO] Rate limit triggered for IP 192.168.1.65
2024-03-10 14:06:49 [ERROR] Rate limit triggered for IP 192.168.1.213
2024-03-10 14:07:00 [INFO] User login successful for user_id=85331
2024-03-10 14:07:11 [DEBUG] Database query executed in 81ms
2024-03-10 14:07:21 [ERROR] Session token refreshed for session_id=44371
2024-03-10 14:07:24 [WARNING] File uploaded: size=392KB checksum=85320
2024-03-10 14:07:30 [INFO] Database query executed in 825ms
2024-03-10 14:07:40 [INFO] Database query executed in 328ms
2024-03-10 14:07:50 [INFO] Request processed in 427ms for /api/data
2024-03-10 14:08:01 [INFO] Request processed in 991ms for /api/data
2024-03-10 14:08:08 [WARNING] Database query executed in 377ms
2024-03-10 14:08:11 [WARNING] Database query executed in 578ms
2024-03-10 14:08:23 [DEBUG] Background job completed: task_id=94836
2024-03-10 14:08:27 [WARNING] User login successful for user_id=45742
2024-03-10 14:08:34 [ERROR] Request processed in 923ms for /api/data
2024-03-10 14:08:44 [WARNING] Rate limit triggered for IP 192.168.1.158
2024-03-10 14:08:50 [WARNING] Request processed in 225ms for /api/data
2024-03-10 14:08:56 [ERROR] Request processed in 52ms for /api/data
2024-03-10 14:09:08 [INFO] Database query executed in 679ms
2024-03-10 14:09:19 [WARNING] Database query executed in 548ms
2024-03-10 14:09:22 [DEBUG] Health check passed for service=auth
2024-03-10 14:09:27 [WARNING] Cache miss for key=session:14573; fallback to database
2024-03-10 14:09:39 [ERROR] File uploaded: size=433KB checksum=51418
2024-03-10 14:09:51 [WARNING] Disk usage at 991% on /dev/sda1
2024-03-10 14:09:58 [DEBUG] Cache miss for key=session:19111; fallback to database
2024-03-10 14:10:09 [ERROR] File uploaded: size=733KB checksum=42144
2024-03-10 14:10:20 [WARNING] Session token refreshed for session_id=28487
2024-03-10 14:10:27 [ERROR] Cache miss for key=session:94113; fallback to database
2024-03-10 14:10:32 [ERROR] Request processed in 580ms for /api/data
2024-03-10 14:10:44 [DEBUG] File uploaded: size=903KB checksum=38477
2024-03-10 14:10:53 [INFO] File uploaded: size=30KB checksum=14955
2024-03-10 14:10:58 [INFO] User login successful for user_id=27201
2024-03-10 14:11:03 [ERROR] Disk usage at 864% on /dev/sda1
2024-03-10 14:11:10 [WARNING] File uploaded: size=372KB checksum=5234
2024-03-10 14:11:20 [INFO] Health check passed for service=auth
2024-03-10 14:11:26 [DEBUG] Session token refreshed for session_id=67967
2024-03-10 14:11:33 [INFO] Rate limit triggered for IP 192.168.1.246
2024-03-10 14:11:41 [INFO] User login successful for user_id=98474
2024-03-10 14:11:53 [DEBUG] Session token refreshed for session_id=84071
2024-03-10 14:12:01 [WARNING] Session token refreshed for session_id=39558
2024-03-10 14:12:05 [WARNING] Cache miss for key=session:97348; fallback to database
2024-03-10 14:12:14 [INFO] Rate limit triggered for IP 192.168.1.69
2024-03-10 14:12:19 [WARNING] Health check passed for service=auth
2024-03-10 14:12:29 [WARNING] User login successful for user_id=21146
2024-03-10 14:12:41 [INFO] Health check passed for service=auth
2024-03-10 14:20:52 [ERROR] Request processed in 330ms for /api/data
2024-03-10 14:20:57 [WARNING] File uploaded: size=810KB checksum=9936
2024-03-10 14:21:01 [DEBUG] File uploaded: size=418KB checksum=71390
2024-03-10 14:21:08 [WARNING] Session token refreshed for session_id=87944
2024-03-10 14:21:15 [ERROR] Session token refreshed for session_id=99652
2024-03-10 14:21:24 [INFO] Request processed in 359ms for /api/data
2024-03-10 14:21:29 [WARNING] User login successful for user_id=90463
2024-03-10 14:21:37 [INFO] Rate limit triggered for IP 192.168.1.187
2024-03-10 14:21:43 [INFO] File uploaded: size=531KB checksum=50146
2024-03-10 14:21:53 [DEBUG] Database query executed in 308ms
2024-03-10 14:21:58 [ERROR] File uploaded: size=975KB checksum=11793
2024-03-10 14:22:02 [INFO] Request processed in 691ms for /api/data
2024-03-10 14:22:07 [DEBUG] Request processed in 555ms for /api/data
2024-03-10 14:22:15 [INFO] Cache miss for key=session:4113; fallback to database
2024-03-10 14:22:22 [INFO] Request processed in 60ms for /api/data
2024-03-10 14:22:28 [INFO] Health check passed for service=auth
2024-03-10 14:22:36 [DEBUG] Database query executed in 419ms
2024-03-10 14:22:43 [INFO] Rate limit triggered for IP 192.168.1.138
2024-03-10 14:22:45 [INFO] Health check passed for service=auth
2024-03-10 14:22:48 [ERROR] File uploaded: size=301KB checksum=14911
2024-03-10 14:22:54 [INFO] Disk usage at 395% on /dev/sda1
2024-03-10 14:22:56 [DEBUG] Cache miss for key=session:70922; fallback to database
2024-03-10 14:23:04 [ERROR] Cache miss for key=session:40066; fallback to database
2024-03-10 14:23:11 [INFO] File uploaded: size=149KB checksum=73754
2024-03-10 14:23:13 [INFO] Health check passed for service=auth
2024-03-10 14:23:23 [INFO] Disk usage at 771% on /dev/sda1
2024-03-10 14:23:30 [WARNING] Rate limit triggered for IP 192.168.1.133
2024-03-10 14:23:34 [WARNING] Cache miss for key=session:29939; fallback to database
2024-03-10 14:23:40 [WARNING] Request processed in 692ms for /api/data
2024-03-10 14:23:51 [INFO] File uploaded: size=665KB checksum=61458
2024-03-10 14:23:54 [ERROR] Request processed in 105ms for /api/data
2024-03-10 14:24:05 [DEBUG] Background job completed: task_id=47810
2024-03-10 14:24:10 [INFO] Disk usage at 76% on /dev/sda1
2024-03-10 14:24:15 [ERROR] Database query executed in 341ms
2024-03-10 14:24:21 [WARNING] Health check passed for service=auth
2024-03-10 14:24:28 [DEBUG] Cache miss for key=session:1633; fallback to database
2024-03-10 14:24:33 [DEBUG] Disk usage at 142% on /dev/sda1
2024-03-10 14:24:40 [DEBUG] Database query executed in 372ms
2024-03-10 14:24:46 [DEBUG] File uploaded: size=184KB checksum=15264
2024-03-10 14:24:57 [INFO] Disk usage at 917% on /dev/sda1
2024-03-10 14:25:02 [ERROR] Request processed in 82ms for /api/data
2024-03-10 14:25:04 [INFO] Health check passed for service=auth
2024-03-10 14:25:15 [WARNING] User login successful for user_id=73298
2024-03-10 14:25:25 [DEBUG] Cache miss for key=session:48948; fallback to database
2024-03-10 14:25:36 [ERROR] Cache miss for key=session:61909; fallback to database
2024-03-10 14:25:39 [DEBUG] Background job completed: task_id=66820
2024-03-10 14:25:44 [WARNING] File uploaded: size=461KB checksum=19398
2024-03-10 14:25:48 [WARNING] Database query executed in 46ms
2024-03-10 14:25:57 [WARNING] Request processed in 383ms for /api/data
2024-03-10 14:25:59 [WARNING] File uploaded: size=402KB checksum=48349
2024-03-10 14:26:08 [INFO] User login successful for user_id=86003
2024-03-10 14:26:18 [ERROR] Disk usage at 562% on /dev/sda1
2024-03-10 14:26:22 [DEBUG] Rate limit triggered for IP 192.168.1.169
2024-03-10 14:26:25 [ERROR] Rate limit triggered for IP 192.168.1.105
2024-03-10 14:26:32 [ERROR] Database query executed in 913ms
2024-03-10 14:26:34 [WARNING] Database query executed in 240ms
2024-03-10 14:26:44 [ERROR] Session token refreshed for session_id=20692
2024-03-10 14:26:51 [INFO] Session token refreshed for session_id=55344
2024-03-10 14:26:54 [DEBUG] Database query executed in 220ms
2024-03-10 14:26:58 [DEBUG] User login successful for user_id=32938
WARNING service watchdog heartbeat missing payload
2024-03-10 14:27:09 [WARNING] Cache miss for key=session:83515; fallback to database
2024-03-10 14:27:20 [WARNING] User login successful for user_id=22802
2024-03-10 14:27:24 [DEBUG] Health check passed for service=auth
2024-03-10 14:27:30 [INFO] Session token refreshed for session_id=59877
2024-03-10 14:27:39 [WARNING] Session token refreshed for session_id=54840
2024-03-10 14:27:50 [WARNING] Health check passed for service=auth
2024-03-10 14:27:54 [ERROR] Database query executed in 609ms
2024-03-10 14:27:59 [DEBUG] Rate limit triggered for IP 192.168.1.6
2024-03-10 14:28:04 [DEBUG] Cache miss for key=session:80365; fallback to database
2024-03-10 14:28:13 [INFO] File uploaded: size=775KB checksum=66972
2024-03-10 14:28:16 [DEBUG] Cache miss for key=session:80098; fallback to database
2024-03-10 14:28:18 [DEBUG] File uploaded: size=384KB checksum=56139
2024-03-10 14:28:20 [DEBUG] Session token refreshed for session_id=64192
2024-03-10 14:28:28 [ERROR] Health check passed for service=auth
2024-03-10 14:28:39 [INFO] Rate limit triggered for IP 192.168.1.124
2024-03-10 14:28:44 [INFO] Disk usage at 902% on /dev/sda1
2024-03-10 14:28:52 [ERROR] Session token refreshed for session_id=1716
2024-03-10 14:28:54 [INFO] File uploaded: size=389KB checksum=1942
2024-03-10 14:28:59 [ERROR] Rate limit triggered for IP 192.168.1.41
2024-03-10 14:29:07 [ERROR] Disk usage at 438% on /dev/sda1
2024-03-10 14:29:14 [ERROR] Rate limit triggered for IP 192.168.1.107
2024-03-10 14:29:24 [DEBUG] Cache miss for key=session:49524; fallback to database
2024-03-10 14:29:33 [ERROR] Disk usage at 357% on /dev/sda1
2024-03-10 14:29:41 [WARNING] Request processed in 240ms for /api/data
2024-03-10 14:29:45 [INFO] Session token refreshed for session_id=67629
2024-03-10 14:29:52 [INFO] Cache miss for key=session:52000; fallback to database
2024-03-10 14:29:54 [INFO] Cache miss for key=session:62822; fallback to database
2024-03-10 14:30:02 [INFO] Request processed in 232ms for /api/data
2024-03-10 14:30:05 [INFO] Rate limit triggered for IP 192.168.1.169
2024-03-10 14:30:15 [ERROR] Health check passed for service=auth
2024-03-10 14:30:19 [DEBUG] Database query executed in 211ms
2024-03-10 14:30:29 [ERROR] Session token refreshed for session_id=5405
2024-03-10 14:30:39 [WARNING] Health check passed for service=auth
2024-03-10 14:30:46 [WARNING] User login successful for user_id=21636
2024-03-10 14:30:54 [ERROR] Rate limit triggered for IP 192.168.1.53
2024-03-10 14:31:04 [INFO] Request processed in 567ms for /api/data
2024-03-10 14:31:14 [ERROR] Background job completed: task_id=37242
2024-03-10 14:31:19 [DEBUG] Rate limit triggered for IP 192.168.1.68
2024-03-10 14:31:23 [DEBUG] File uploaded: size=577KB checksum=14954
2024-03-10 14:31:33 [ERROR] Background job completed: task_id=16336
2024-03-10 14:31:39 [ERROR] Database query executed in 581ms
2024-03-10 14:31:44 [ERROR] Database query executed in 476ms
2024-03-10 14:31:55 [INFO] Database query executed in 269ms
2024-03-10 14:32:03 [WARNING] Session token refreshed for session_id=42383
2024-03-10 14:32:10 [INFO] Disk usage at 299% on /dev/sda1
2024-03-10 14:32:18 [ERROR] Request processed in 958ms for /api/data
2024-03-10 14:32:27 [ERROR] Background job completed: task_id=29647
2024-03-10 14:32:33 [WARNING] Session token refreshed for session_id=66404
2024-03-10 14:32:38 [WARNING] Disk usage at 239% on /dev/sda1
2024-03-10 14:32:43 [ERROR] Cache miss for key=session:14983; fallback to database
2024-03-10 14:32:46 [DEBUG] Health check passed for service=auth
2024-03-10 14:32:56 [INFO] Database query executed in 640ms
2024-03-10 14:33:05 [ERROR] Database query executed in 787ms
2024-03-10 14:33:15 [ERROR] Rate limit triggered for IP 192.168.1.149
2024-03-10 14:33:19 [INFO] File uploaded: size=494KB checksum=56466
2024-03-10 14:33:29 [INFO] File uploaded: size=408KB checksum=46519
2024-03-10 14:33:33 [DEBUG] Request processed in 535ms for /api/data
2024-03-10 14:33:40 [INFO] User login successful for user_id=89356
2024-03-10 14:33:51 [INFO] Background job completed: task_id=48395
2024-03-10 14:33:57 [WARNING] File uploaded: size=247KB checksum=35452
2024-03-10 14:34:06 [ERROR] Background job completed: task_id=25105
2024-03-10 14:34:11 [DEBUG] Background job completed: task_id=48851
2024-03-10 14:34:17 [DEBUG] Cache miss for key=session:75895; fallback to database
2024-03-10 14:34:28 [WARNING] Request processed in 281ms for /api/data
2024-03-10 14:34:33 [DEBUG] Rate limit triggered for IP 192.168.1.206
2024-03-10 14:34:37 [DEBUG] User login successful for user_id=24148
2024-03-10 14:34:41 [ERROR] Database query executed in 261ms
2024-03-10 14:34:52 [INFO] Rate limit triggered for IP 192.168.1.43
2024-03-10 14:34:54 [WARNING] Disk usage at 864% on /dev/sda1
2024-03-10 14:34:57 [DEBUG] Background job completed: task_id=35048
2024-03-10 14:35:07 [ERROR] Background job completed: task_id=3599
2024-03-10 14:35:14 [WARNING] Health check passed for service=auth
2024-03-10 14:35:24 [WARNING] Disk usage at 337% on /dev/sda1
2024-03-10 14:35:34 [DEBUG] Database query executed in 395ms
2024-03-10 14:35:40 [DEBUG] Cache miss for key=session:22964; fallback to database
2024-03-10 14:35:47 [DEBUG] Health check passed for service=auth
2024-03-10 14:35:50 [INFO] Cache miss for key=session:46039; fallback to database
2024-03-10 14:35:57 [ERROR] Disk usage at 665% on /dev/sda1
2024-03-10 14:36:03 [DEBUG] Background job completed: task_id=99028
2024-03-10 14:36:12 [DEBUG] Cache miss for key=session:25102; fallback to database
2024-03-10 14:36:16 [WARNING] Disk usage at 722% on /dev/sda1
2024-03-10 14:36:19 [WARNING] Cache miss for key=session:53041; fallback to database
2024-03-10 14:36:22 [DEBUG] File uploaded: size=31KB checksum=8055
2024-03-10 14:36:30 [INFO] Request processed in 637ms for /api/data
2024-03-10 14:36:33 [DEBUG] Disk usage at 258% on /dev/sda1
2024-03-10 14:36:39 [DEBUG] Cache miss for key=session:18206; fallback to database
2024-03-10 14:36:43 [INFO] User login successful for user_id=87972
2024-03-10 14:36:50 [DEBUG] Database query executed in 962ms
2024-03-10 14:37:00 [DEBUG] Cache miss for key=session:92438; fallback to database
2024-03-10 14:37:11 [DEBUG] Health check passed for service=auth
2024-03-10 14:37:21 [ERROR] Background job completed: task_id=64131
2024-03-10 14:37:24 [DEBUG] Disk usage at 427% on /dev/sda1
2024-03-10 14:37:28 [ERROR] User login successful for user_id=1012
2024-03-10 14:37:32 [ERROR] Disk usage at 552% on /dev/sda1
2024-03-10 14:37:41 [DEBUG] Disk usage at 789% on /dev/sda1
2024-03-10 14:37:47 [WARNING] User login successful for user_id=72855
2024-03-10 14:37:55 [DEBUG] Rate limit triggered for IP 192.168.1.185
2024-03-10 14:38:03 [DEBUG] Session token refreshed for session_id=35469
2024-03-10 14:38:08 [ERROR] Disk usage at 765% on /dev/sda1
2024-03-10 14:38:14 [DEBUG] Session token refreshed for session_id=9973
2024-03-10 14:38:20 [INFO] Database query executed in 468ms
2024-03-10 14:38:31 [DEBUG] Session token refreshed for session_id=43027
2024-03-10 14:38:33 [INFO] Cache miss for key=session:14405; fallback to database
2024-03-10 14:38:37 [DEBUG] User login successful for user_id=31514
2024-03-10 14:38:39 [DEBUG] Session token refreshed for session_id=45815
2024-03-10 14:38:48 [ERROR] Database query executed in 815ms
2024-03-10 14:38:55 [INFO] Cache miss for key=session:8345; fallback to database
2024-03-10 14:39:03 [INFO] File uploaded: size=190KB checksum=62623
2024-03-10 14:39:09 [DEBUG] User login successful for user_id=16985
2024-03-10 14:39:14 [DEBUG] Database query executed in 760ms
