2026-04-10 22:00:00 [INFO] User 'admin' logged in from 192.168.1.49
2026-04-10 22:00:47 [INFO] Network packet dropped from 10.0.0.200
2026-04-10 22:01:49 [INFO] Network packet dropped from 10.0.0.119
2026-04-10 22:03:00 [INFO] API request received: GET /api/v1/users
2026-04-10 22:04:42 [INFO] DNS query resolved: google.com -> 142.250.53.103
2026-04-10 22:05:25 [INFO] File permission changed on '/etc/passwd'
2026-04-10 22:06:06 [WARNING] Authentication token refreshed for session 4453
2026-04-10 22:06:38 [INFO] User 'admin' logged in from 192.168.1.129
2026-04-10 22:07:25 [WARNING] Backup process started for '/home/data'
2026-04-10 22:08:53 [ERROR] System health check: CPU 70% | RAM 62%
2026-04-10 22:10:43 [INFO] User 'admin' logged in from 192.168.1.87
2026-04-10 22:12:41 [INFO] System health check: CPU 85% | RAM 31%
2026-04-10 22:14:40 [INFO] Service 'nginx' restarted successfully
2026-04-10 22:14:52 [WARNING] Service 'nginx' restarted successfully
2026-04-10 22:16:36 [INFO] SSH session opened for user 'root'
2026-04-10 22:17:44 [INFO] API request received: GET /api/v1/users
2026-04-10 22:19:32 [ERROR] Backup process started for '/home/data'
2026-04-10 22:20:46 [INFO] Database query executed on table 'users'
2026-04-10 22:21:28 [INFO] API request received: GET /api/v1/users
2026-04-10 22:22:57 [INFO] Network packet dropped from 10.0.0.123
This line has no timestamp at all
2026-04-10 22:24:26 [INFO] Cron job executed: /etc/cron.daily/logrotate
2026-04-10 22:26:24 [INFO] Authentication token refreshed for session 6968
2026-04-10 22:28:15 [INFO] Authentication token refreshed for session 7751
2026-04-10 22:29:40 [INFO] Firewall rule applied: ALLOW port 443
2026-04-10 22:31:09 [INFO] Firewall rule applied: ALLOW port 443
2026-04-10 22:32:10 [WARNING] File '/var/www/html/index.php' accessed
2026-04-10 22:32:32 [INFO] Network packet dropped from 10.0.0.105
2026-04-10 22:34:10 [INFO] Backup process started for '/home/data'
2026-04-10 22:36:06 [INFO] System health check: CPU 88% | RAM 33%
2026-04-10 22:36:56 [INFO] Firewall rule applied: ALLOW port 443
2026-04-10 22:38:47 [ERROR] System health check: CPU 13% | RAM 84%
2026-04-10 22:40:04 [INFO] System health check: CPU 95% | RAM 58%
2026-04-10 22:40:12 [INFO] Firewall rule applied: ALLOW port 443
2026-04-10 22:41:50 [INFO] File permission changed on '/etc/passwd'
2026-04-10 22:42:39 [INFO] Cron job executed: /etc/cron.daily/logrotate
2026-04-10 22:44:23 [INFO] New process spawned: PID 76727
2026-04-10 22:46:12 [INFO] SSH session opened for user 'root'
2026-04-10 22:46:32 [INFO] System health check: CPU 21% | RAM 64%
2026-04-10 22:46:47 [INFO] Database query executed on table 'users'
2026-04-10 22:47:03 [INFO] Network packet dropped from 10.0.0.8
2026-04-10 22:48:19 [INFO] Firewall rule applied: ALLOW port 443
2026-04-10 22:49:06 [INFO] New process spawned: PID 7797
2026-04-10 22:50:07 [INFO] Backup process started for '/home/data'
2026-04-10 22:50:38 [INFO] File permission changed on '/etc/passwd'
2026-04-10 22:51:42 [INFO] Database query executed on table 'users'
ERROR something went wrong badly!!
2026-04-10 22:53:12 [INFO] System health check: CPU 77% | RAM 80%
2026-04-10 22:54:16 [INFO] Network packet dropped from 10.0.0.210
2026-04-10 22:55:59 [INFO] System health check: CPU 57% | RAM 77%
2026-04-10 22:56:52 [WARNING] Backup process started for '/home/data'
2026-04-10 22:57:39 [INFO] File permission changed on '/etc/passwd'
2026-04-10 22:57:51 [INFO] File '/var/www/html/index.php' accessed
2026-04-10 22:59:37 [INFO] Firewall rule applied: ALLOW port 443
2026-04-10 23:00:57 [INFO] Firewall rule applied: ALLOW port 443
2026-04-10 23:02:51 [WARNING] File '/var/www/html/index.php' accessed
2026-04-10 23:04:11 [INFO] System health check: CPU 41% | RAM 66%
2026-04-10 23:04:48 [INFO] Database query executed on table 'users'
2026-04-10 23:05:04 [WARNING] User 'admin' logged in from 192.168.1.172
2026-04-10 23:06:29 [INFO] File permission changed on '/etc/passwd'
2026-04-10 23:07:24 [WARNING] User 'admin' logged in from 192.168.1.158
2026-04-10 23:07:39 [ERROR] Database query executed on table 'users'
2026-04-10 23:08:50 [WARNING] Cron job executed: /etc/cron.daily/logrotate
2026-04-10 23:09:28 [INFO] Cron job executed: /etc/cron.daily/logrotate
2026-04-10 23:10:26 [WARNING] Network packet dropped from 10.0.0.135
2026-04-10 23:11:31 [INFO] New process spawned: PID 16714
2026-04-10 23:11:55 [WARNING] API request received: GET /api/v1/users
2026-04-10 23:13:01 [INFO] SSH session opened for user 'root'
2026-04-10 23:14:11 [WARNING] Cron job executed: /etc/cron.daily/logrotate
2026-04-10 23:14:37 [INFO] File '/var/www/html/index.php' accessed
2026-04-10 23:15:01 [INFO] Firewall rule applied: ALLOW port 443
2026-04-10 23:15:10 [INFO] Database query executed on table 'users'
2026-04-10 23:15:58 [ERROR] SSH session opened for user 'root'
------------------------------------
2026-04-10 23:17:01 [INFO] User 'admin' logged in from 192.168.1.183
2026-04-10 23:18:22 [INFO] API request received: GET /api/v1/users
2026-04-10 23:19:05 [INFO] Backup process started for '/home/data'
2026-04-10 23:19:12 [INFO] User 'admin' logged in from 192.168.1.114
2026-04-10 23:19:54 [ERROR] New process spawned: PID 73026
2026-04-10 23:21:03 [WARNING] File permission changed on '/etc/passwd'
2026-04-10 23:21:26 [INFO] Authentication token refreshed for session 6783
2026-04-10 23:23:19 [INFO] SSH session opened for user 'root'
2026-04-10 23:23:47 [ERROR] Authentication token refreshed for session 4271
2026-04-11 01:41:26 [WARNING] File '/var/www/html/index.php' accessed
2026-04-11 01:41:38 [ERROR] Database query executed on table 'users'
2026-04-11 01:41:59 [INFO] Backup process started for '/home/data'
2026-04-11 01:42:48 [INFO] File permission changed on '/etc/passwd'
2026-04-11 01:44:03 [INFO] Cron job executed: /etc/cron.daily/logrotate
2026-04-11 01:45:08 [INFO] API request received: GET /api/v1/users
2026-04-11 01:45:55 [INFO] Authentication token refreshed for session 2083
2026-04-11 01:46:51 [WARNING] File '/var/www/html/index.php' accessed
2026-04-11 01:47:16 [INFO] Firewall rule applied: ALLOW port 443
2026-04-11 01:48:07 [INFO] DNS query resolved: google.com -> 142.250.219.173
2026-04-11 01:49:16 [INFO] DNS query resolved: google.com -> 142.250.145.91
2026-04-11 01:50:45 [INFO] File permission changed on '/etc/passwd'
2026-04-11 01:50:55 [INFO] Cron job executed: /etc/cron.daily/logrotate
2026-04-11 01:51:58 [INFO] Authentication token refreshed for session 3170
2026-04-11 01:52:06 [ERROR] DNS query resolved: google.com -> 142.250.193.204
2026-04-11 01:52:38 [INFO] Firewall rule applied: ALLOW port 443
2026-04-11 01:53:10 [INFO] Cron job executed: /etc/cron.daily/logrotate
2026-04-11 01:54:38 [INFO] Backup process started for '/home/data'
2026-04-11 01:55:05 [INFO] File permission changed on '/etc/passwd'
2026-04-11 01:56:21 [ERROR] User 'admin' logged in from 192.168.1.243
2026-04-11 01:57:24 [INFO] Service 'nginx' restarted successfully
2026-04-11 01:57:52 [WARNING] Service 'nginx' restarted successfully
2026-04-11 01:58:50 [INFO] Network packet dropped from 10.0.0.191
2026-04-11 01:59:12 [INFO] Cron job executed: /etc/cron.daily/logrotate
2026-04-11 01:59:29 [INFO] User 'admin' logged in from 192.168.1.152
2026-04-11 02:00:41 [INFO] Authentication token refreshed for session 9143
2026-04-11 02:01:42 [ERROR] Firewall rule applied: ALLOW port 443
2026-04-11 02:02:31 [WARNING] SSH session opened for user 'root'
2026-04-11 02:03:19 [WARNING] Authentication token refreshed for session 6286
2026-04-11 02:04:00 [WARNING] Database query executed on table 'users'
2026-04-11 02:04:36 [INFO] User 'admin' logged in from 192.168.1.192
2026-04-11 02:05:59 [INFO] File permission changed on '/etc/passwd'
2026-04-11 02:07:11 [INFO] User 'admin' logged in from 192.168.1.208
2026-04-11 02:07:18 [INFO] DNS query resolved: google.com -> 142.250.191.143
2026-04-11 02:08:22 [ERROR] Firewall rule applied: ALLOW port 443
2026-04-11 02:09:26 [INFO] DNS query resolved: google.com -> 142.250.12.170
2026-04-11 02:10:16 [INFO] File permission changed on '/etc/passwd'
2026-04-11 02:11:02 [INFO] Network packet dropped from 10.0.0.149
2026-04-11 02:11:27 [INFO] Cron job executed: /etc/cron.daily/logrotate
2026-04-11 02:11:46 [WARNING] User 'admin' logged in from 192.168.1.142
2026-04-11 02:57:29 [INFO] Firewall rule applied: ALLOW port 443
2026-04-11 02:57:53 [INFO] SSH session opened for user 'root'
2026-04-11 02:58:37 [ERROR] Firewall rule applied: ALLOW port 443
2026-04-11 02:59:31 [INFO] File permission changed on '/etc/passwd'
2026-04-11 03:00:23 [ERROR] API request received: GET /api/v1/users
2026-04-11 03:00:42 [INFO] Backup process started for '/home/data'
2026-04-11 03:01:30 [INFO] File '/var/www/html/index.php' accessed
2024-99-99 25:61:99 [BAD] Totally broken timestamp
2026-04-11 03:02:05 [WARNING] System health check: CPU 89% | RAM 58%
2026-04-11 03:02:16 [WARNING] Cron job executed: /etc/cron.daily/logrotate
2026-04-11 03:02:33 [INFO] Backup process started for '/home/data'
2026-04-11 03:03:30 [INFO] Network packet dropped from 10.0.0.155
2026-04-11 03:04:23 [INFO] Firewall rule applied: ALLOW port 443
2026-04-11 03:05:04 [INFO] Backup process started for '/home/data'
2026-04-11 03:05:25 [INFO] System health check: CPU 66% | RAM 82%
2026-04-11 03:05:57 [INFO] API request received: GET /api/v1/users
2026-04-11 03:06:55 [ERROR] File permission changed on '/etc/passwd'
2026-04-11 03:07:03 [INFO] Authentication token refreshed for session 5517
2026-04-11 03:07:52 [INFO] Cron job executed: /etc/cron.daily/logrotate
2026-04-11 03:08:11 [WARNING] File permission changed on '/etc/passwd'
2026-04-11 03:08:58 [ERROR] Authentication token refreshed for session 4546
2026-04-11 03:09:54 [INFO] Service 'nginx' restarted successfully
2026-04-11 03:10:44 [ERROR] DNS query resolved: google.com -> 142.250.77.213
2026-04-11 03:11:37 [INFO] Network packet dropped from 10.0.0.233
2026-04-11 03:12:12 [INFO] File permission changed on '/etc/passwd'
2026-04-11 03:13:11 [INFO] New process spawned: PID 92753
2026-04-11 03:13:27 [WARNING] DNS query resolved: google.com -> 142.250.235.87
2026-04-11 03:14:27 [WARNING] File permission changed on '/etc/passwd'
2026-04-11 03:14:45 [INFO] Firewall rule applied: ALLOW port 443
2026-04-11 03:15:23 [ERROR] Cron job executed: /etc/cron.daily/logrotate
2026-04-11 03:16:15 [WARNING] SSH session opened for user 'root'
2026-04-11 03:17:06 [INFO] DNS query resolved: google.com -> 142.250.22.137
2026-04-11 03:17:34 [WARNING] Database query executed on table 'users'
2026-04-11 03:18:07 [ERROR] Service 'nginx' restarted successfully
2026-04-11 03:18:56 [INFO] Service 'nginx' restarted successfully
2026-04-11 03:19:33 [INFO] Service 'nginx' restarted successfully
2026-04-11 03:19:54 [INFO] SSH session opened for user 'root'
2026-04-11 03:20:06 [INFO] File permission changed on '/etc/passwd'
2026-04-11 03:20:34 [INFO] Service 'nginx' restarted successfully
2026-04-11 03:20:47 [INFO] System health check: CPU 89% | RAM 43%
2026-04-11 03:21:05 [INFO] Service 'nginx' restarted successfully
2026-04-11 03:33:52 [INFO] New process spawned: PID 33958
2026-04-11 03:34:18 [INFO] Service 'nginx' restarted successfully
2026-04-11 03:35:07 [WARNING] API request received: GET /api/v1/users
2026-04-11 03:35:55 [INFO] System health check: CPU 40% | RAM 88%
2026-04-11 03:36:35 [INFO] API request received: GET /api/v1/users
2026-04-11 03:37:11 [WARNING] Network packet dropped from 10.0.0.212
2026-04-11 03:38:01 [INFO] Network packet dropped from 10.0.0.154
2026-04-11 03:38:09 [INFO] Authentication token refreshed for session 6124
2026-04-11 03:38:24 [INFO] Backup process started for '/home/data'
2026-04-11 03:38:59 [INFO] Firewall rule applied: ALLOW port 443
2026-04-11 03:39:34 [INFO] Network packet dropped from 10.0.0.2
2026-04-11 03:39:53 [INFO] System health check: CPU 44% | RAM 28%
2026-04-11 03:40:06 [ERROR] User 'admin' logged in from 192.168.1.27
2026-04-11 03:40:53 [INFO] DNS query resolved: google.com -> 142.250.78.55
2026-04-11 03:41:37 [WARNING] Database query executed on table 'users'
2026-04-11 03:42:15 [WARNING] System health check: CPU 63% | RAM 76%
2026-04-11 03:42:22 [INFO] Database query executed on table 'users'
2026-04-11 03:42:52 [ERROR] File permission changed on '/etc/passwd'
2026-04-11 03:43:50 [INFO] File '/var/www/html/index.php' accessed
2026-04-11 03:43:58 [INFO] Network packet dropped from 10.0.0.44
2026-04-11 03:44:23 [INFO] Database query executed on table 'users'
2026-04-11 03:44:51 [ERROR] Database query executed on table 'users'
2026-04-11 03:45:44 [WARNING] New process spawned: PID 89920
2026-04-11 03:46:26 [ERROR] New process spawned: PID 61998
2026-04-11 03:47:14 [INFO] Service 'nginx' restarted successfully

2026-04-11 03:47:30 [INFO] SSH session opened for user 'root'
   
2026-04-11 03:47:53 [ERROR] File '/var/www/html/index.php' accessed
2026-04-11 03:48:17 [WARNING] Authentication token refreshed for session 9153
2026-04-11 03:48:47 [INFO] System health check: CPU 79% | RAM 85%
2026-04-11 03:49:36 [INFO] System health check: CPU 66% | RAM 21%
2026-04-11 03:50:27 [ERROR] DNS query resolved: google.com -> 142.250.151.237
2026-04-11 03:51:16 [INFO] System health check: CPU 80% | RAM 89%
2026-04-11 03:51:38 [INFO] Cron job executed: /etc/cron.daily/logrotate
2026-04-11 03:51:47 [INFO] File permission changed on '/etc/passwd'
2026-04-11 03:52:33 [INFO] File permission changed on '/etc/passwd'
2026-04-11 03:52:40 [INFO] Firewall rule applied: ALLOW port 443
2026-04-11 03:53:24 [INFO] API request received: GET /api/v1/users
2026-04-11 03:54:19 [INFO] Backup process started for '/home/data'
2026-04-11 03:54:51 [ERROR] DNS query resolved: google.com -> 142.250.106.69
2026-04-11 03:55:10 [ERROR] Backup process started for '/home/data'