2026-04-11 09:59:54 ERROR Network packet received
2026-04-11 09:59:56 INFO API request received
2026-04-11 09:59:58 DEBUG Network packet received
2026-04-11 10:00:05 CRITICAL Network packet received
2026-04-11 13:45:05 CRITICAL Network packet received
2026-04-11 13:45:09 CRITICAL Unauthorized access attempt detected
2026-04-11 13:45:13 INFO Network packet received
2026-04-11 13:45:23 INFO Unauthorized access attempt detected
2026-04-11 13:45:33 CRITICAL User login successful
2026-04-11 13:45:41 INFO Cache cleared
2026-04-11 13:45:42 ERROR Database connection established
2026-04-11 13:45:52 CRITICAL System rebooted unexpectedly
2026-04-11 13:45:54 INFO Network packet received
2026-04-11 13:45:56 DEBUG Cache cleared
2026-04-11 18:45:56 DEBUG Service restarted
2026-04-11 18:45:58 CRITICAL Unauthorized access attempt detected
2026-04-11 18:46:01 ERROR Backup process initiated
2026-04-11 18:46:06 INFO System health OK
2026-04-11 18:46:11 ERROR System health OK
2026-04-11 18:46:18 WARNING Database connection established
2026-04-11 18:46:22 WARNING Service restarted
2026-04-11 18:46:25 DEBUG Service restarted
2026-04-11 18:46:33 INFO Disk usage normal
2026-04-11 18:46:41 INFO Background job started
2026-04-11 18:46:47 WARNING Service restarted
2026-04-11 18:46:53 DEBUG File accessed
2026-04-11 18:47:03 INFO Backup process initiated
2026-04-11 18:47:07 ERROR Cache cleared
2026-04-11 18:47:13 DEBUG Database connection established
2026-04-11 18:47:15 DEBUG File accessed
2026-04-11 18:47:20 DEBUG Backup process initiated
2026-04-11 23:32:20 WARNING File accessed
2026-04-11 23:32:28 WARNING Disk usage normal
2026-04-11 23:32:29 CRITICAL Backup process initiated
2026-04-11 23:32:34 CRITICAL Cache cleared
2026-04-12 02:36:34 DEBUG Unauthorized access attempt detected
2026-04-12 02:36:44 ERROR Network packet received
2026-04-12 02:36:46 CRITICAL User login successful
2026-04-12 02:36:55 CRITICAL Background job started
2026-04-12 02:37:02 WARNING Database connection established
2026-04-12 02:37:07 INFO Cache cleared
2026-04-12 02:37:11 WARNING Disk usage normal
2026-04-12 02:37:13 INFO Cache cleared
2026-04-12 02:37:17 CRITICAL System rebooted unexpectedly
2026-04-12 02:37:20 DEBUG File accessed
2026-04-12 02:37:29 ERROR API request received
2026-04-12 02:37:31 DEBUG Database connection established
2026-04-12 02:37:41 DEBUG System health OK
2026-04-12 02:37:50 INFO System health OK
2026-04-12 02:37:52 INFO User login successful
2026-04-12 02:37:59 DEBUG System rebooted unexpectedly
2026-04-12 02:38:08 ERROR Unauthorized access attempt detected
2026-04-12 02:38:15 ERROR Disk usage normal
2026-04-12 02:38:23 ERROR Network packet received
2026-04-12 02:38:24 DEBUG Unauthorized access attempt detected
2026-04-12 02:38:26 INFO Network packet received
2026-04-12 02:38:32 DEBUG Backup process initiated
2026-04-12 02:38:37 WARNING File accessed
2026-04-12 02:38:47 CRITICAL System rebooted unexpectedly
2026-04-12 04:38:47 WARNING Unauthorized access attempt detected
2026-04-12 04:38:57 DEBUG User login successful
2026-04-12 04:39:06 INFO Service restarted
2026-04-12 04:39:12 CRITICAL User login successful
2026-04-12 04:39:16 ERROR File accessed
2026-04-12 04:39:26 CRITICAL Disk usage normal
2026-04-12 04:39:34 CRITICAL System health OK
2026-04-12 04:39:44 ERROR Network packet received
2026-04-12 04:39:53 WARNING Service restarted
2026-04-12 04:40:03 ERROR Unauthorized access attempt detected
2026-04-12 04:40:07 ERROR User login successful
2026-04-12 04:40:08 ERROR API request received
2026-04-12 04:40:17 CRITICAL Service restarted
2026-04-12 04:40:19 CRITICAL User login successful
2026-04-12 05:28:19 WARNING User login successful
2026-04-12 05:28:23 ERROR Backup process initiated
2026-04-12 05:28:28 CRITICAL User login successful
2026-04-12 05:28:31 DEBUG Backup process initiated
2026-04-12 05:28:40 WARNING System rebooted unexpectedly
2026-04-12 05:28:42 DEBUG API request received
2026-04-12 05:28:45 CRITICAL Background job started
2026-04-12 05:28:50 DEBUG Network packet received
2026-04-12 05:28:53 DEBUG API request received
2026-04-12 05:28:55 DEBUG Disk usage normal
2026-04-12 05:28:58 ERROR Network packet received
2026-04-12 05:29:00 DEBUG Network packet received
2026-04-12 05:29:07 INFO File accessed
2026-04-12 05:29:10 ERROR Unauthorized access attempt detected
2026-04-12 05:29:11 CRITICAL Disk usage normal
2026-04-12 05:29:17 CRITICAL API request received
2026-04-12 05:29:25 INFO Cache cleared
2026-04-12 10:03:25 WARNING System health OK
2026-04-12 10:03:34 DEBUG System rebooted unexpectedly
2026-04-12 10:03:42 WARNING API request received
2026-04-12 10:03:46 DEBUG Background job started
2026-04-12 10:03:52 INFO Background job started
2026-04-12 10:03:55 DEBUG System health OK
2026-04-12 10:04:04 WARNING Backup process initiated
2026-04-12 10:04:13 DEBUG API request received
2026-04-12 10:04:18 DEBUG Unauthorized access attempt detected
2026-04-12 10:04:25 CRITICAL Cache cleared
