2026-04-11 13:04:50 CRITICAL API request received
2026-04-11 13:04:54 ERROR Unauthorized access attempt detected
2026-04-11 13:04:55 DEBUG Backup process initiated
2026-04-11 13:05:02 INFO Unauthorized access attempt detected
2026-04-11 13:05:09 WARNING Backup process initiated
2026-04-11 13:05:14 INFO User login successful
2026-04-11 13:05:24 DEBUG Backup process initiated
2026-04-11 13:05:34 WARNING System rebooted unexpectedly
2026-04-11 13:05:44 CRITICAL Unauthorized access attempt detected
2026-04-11 13:05:46 ERROR Database connection established
2026-04-11 13:05:55 CRITICAL Background job started
2026-04-11 13:06:01 INFO User login successful
2026-04-11 13:06:04 CRITICAL Database connection established
2026-04-11 13:06:12 DEBUG Service restarted
2026-04-11 13:06:13 CRITICAL Unauthorized access attempt detected
2026-04-11 13:06:14 DEBUG Network packet received
2026-04-11 13:06:24 DEBUG Database connection established
2026-04-11 13:06:26 DEBUG Service restarted
2026-04-11 13:06:32 INFO Network packet received
2026-04-11 13:06:40 CRITICAL API request received
2026-04-11 13:06:44 CRITICAL API request received
2026-04-11 13:06:47 WARNING Disk usage normal
2026-04-11 13:06:56 INFO Background job started
2026-04-11 13:06:59 INFO File accessed
2026-04-11 13:07:03 INFO Unauthorized access attempt detected
2026-04-11 13:07:07 ERROR Cache cleared
2026-04-11 13:07:14 ERROR Database connection established
2026-04-11 13:07:17 WARNING Background job started
2026-04-11 13:07:26 WARNING System rebooted unexpectedly
2026-04-11 13:07:29 WARNING Unauthorized access attempt detected
2026-04-11 13:07:37 DEBUG Backup process initiated
2026-04-11 13:07:43 CRITICAL Cache cleared
2026-04-11 13:07:50 WARNING Background job started
2026-04-11 13:07:55 WARNING Backup process initiated
2026-04-11 17:19:55 CRITICAL Cache cleared
2026-04-11 17:19:56 DEBUG Network packet received
2026-04-11 17:20:03 WARNING Network packet received
2026-04-11 17:20:09 INFO File accessed
2026-04-11 17:20:16 WARNING Background job started
2026-04-11 17:20:20 DEBUG User login successful
2026-04-11 17:20:24 CRITICAL System health OK
2026-04-11 17:20:33 INFO Unauthorized access attempt detected
2026-04-11 17:20:41 INFO Unauthorized access attempt detected
2026-04-11 21:33:41 INFO Unauthorized access attempt detected
2026-04-11 21:33:43 WARNING Disk usage normal
2026-04-11 22:32:43 DEBUG Unauthorized access attempt detected
2026-04-11 22:32:44 DEBUG System rebooted unexpectedly
2026-04-11 22:32:53 WARNING Service restarted
2026-04-11 22:33:02 CRITICAL Service restarted
2026-04-11 22:33:10 CRITICAL Database connection established
2026-04-11 22:33:16 INFO API request received
2026-04-11 22:33:21 DEBUG File accessed
2026-04-11 22:33:30 ERROR API request received
2026-04-11 22:33:40 CRITICAL Cache cleared
2026-04-11 22:33:44 INFO Backup process initiated
2026-04-11 22:33:48 INFO System rebooted unexpectedly
2026-04-11 22:33:52 DEBUG Unauthorized access attempt detected
2026-04-11 22:34:02 INFO User login successful
2026-04-11 22:34:04 DEBUG Unauthorized access attempt detected
2026-04-11 22:34:11 WARNING Background job started
2026-04-11 22:34:15 DEBUG Service restarted
2026-04-12 03:19:15 DEBUG Service restarted
2026-04-12 03:19:22 CRITICAL System rebooted unexpectedly
2026-04-12 03:19:25 ERROR Cache cleared
2026-04-12 03:19:29 CRITICAL Network packet received
2026-04-12 03:19:30 DEBUG Unauthorized access attempt detected
2026-04-12 03:19:34 CRITICAL System rebooted unexpectedly
2026-04-12 03:19:42 WARNING API request received
2026-04-12 03:19:51 INFO System rebooted unexpectedly
2026-04-12 03:19:57 DEBUG API request received
2026-04-12 03:20:06 WARNING Disk usage normal
2026-04-12 06:20:06 ERROR Disk usage normal
2026-04-12 06:20:16 WARNING User login successful
2026-04-12 06:20:17 ERROR Database connection established
2026-04-12 06:20:23 CRITICAL Service restarted
2026-04-12 06:20:28 ERROR Background job started
2026-04-12 06:20:34 WARNING Backup process initiated
2026-04-12 06:20:36 ERROR Background job started
2026-04-12 06:20:40 CRITICAL Cache cleared
2026-04-12 08:42:40 CRITICAL System rebooted unexpectedly
2026-04-12 08:42:45 WARNING Unauthorized access attempt detected
2026-04-12 08:42:53 INFO User login successful
2026-04-12 08:43:00 WARNING Unauthorized access attempt detected
2026-04-12 08:43:05 DEBUG Network packet received
2026-04-12 08:43:10 CRITICAL API request received
2026-04-12 08:43:11 ERROR Database connection established
2026-04-12 08:43:17 INFO API request received
2026-04-12 08:43:19 WARNING Backup process initiated
2026-04-12 08:43:29 ERROR File accessed
2026-04-12 08:43:37 ERROR Disk usage normal
2026-04-12 08:43:43 INFO Service restarted
2026-04-12 08:43:49 WARNING File accessed
2026-04-12 08:43:51 DEBUG API request received
2026-04-12 08:43:55 DEBUG Unauthorized access attempt detected
2026-04-12 08:43:56 INFO API request received
2026-04-12 08:44:01 INFO Disk usage normal
2026-04-12 13:42:01 DEBUG Cache cleared
2026-04-12 13:42:09 ERROR Disk usage normal
2026-04-12 13:42:19 ERROR Background job started
2026-04-12 13:42:29 ERROR API request received
2026-04-12 13:42:35 WARNING System health OK
2026-04-12 13:42:41 DEBUG File accessed
2026-04-12 13:42:51 INFO Unauthorized access attempt detected
2026-04-12 13:42:54 WARNING User login successful
2026-04-12 13:43:01 ERROR Backup process initiated
2026-04-12 13:43:04 DEBUG API request received
2026-04-12 13:43:05 CRITICAL Database connection established
2026-04-12 13:43:07 WARNING Backup process initiated
2026-04-12 13:43:09 INFO API request received
2026-04-12 13:43:17 DEBUG Disk usage normal
2026-04-12 13:43:20 CRITICAL Backup process initiated
2026-04-12 15:51:20 ERROR API request received
2026-04-12 15:51:22 INFO Service restarted
2026-04-12 15:51:24 DEBUG Service restarted
2026-04-12 15:51:29 DEBUG Unauthorized access attempt detected
2026-04-12 15:51:35 WARNING Database connection established
2026-04-12 15:51:42 DEBUG System health OK
2026-04-12 15:51:49 ERROR Unauthorized access attempt detected
2026-04-12 15:51:50 DEBUG System rebooted unexpectedly
2026-04-12 15:51:58 DEBUG File accessed
2026-04-12 15:52:06 INFO Database connection established
2026-04-12 15:52:08 INFO Database connection established
2026-04-12 15:52:16 INFO Unauthorized access attempt detected
2026-04-12 15:52:26 INFO File accessed
2026-04-12 15:52:27 INFO Background job started
2026-04-12 15:52:36 WARNING Database connection established
2026-04-12 15:52:39 INFO Unauthorized access attempt detected
2026-04-12 15:52:43 DEBUG Disk usage normal
2026-04-12 15:52:47 INFO System health OK
2026-04-12 15:52:54 ERROR System rebooted unexpectedly
2026-04-12 15:53:00 CRITICAL System health OK
2026-04-12 15:53:04 INFO Database connection established
2026-04-12 15:53:08 ERROR Backup process initiated
2026-04-12 15:53:16 WARNING Database connection established
2026-04-12 15:53:22 WARNING Background job started
2026-04-12 15:53:26 ERROR User login successful
2026-04-12 15:53:30 CRITICAL API request received
2026-04-12 15:53:38 INFO Service restarted
2026-04-12 15:53:40 CRITICAL Cache cleared
2026-04-12 15:53:49 CRITICAL Network packet received
2026-04-12 15:53:54 WARNING Background job started
2026-04-12 15:54:02 ERROR System health OK
2026-04-12 15:54:11 INFO Unauthorized access attempt detected
2026-04-12 15:54:17 INFO Unauthorized access attempt detected
2026-04-12 15:54:19 WARNING System health OK
2026-04-12 15:54:25 CRITICAL Cache cleared
2026-04-12 15:54:29 CRITICAL Unauthorized access attempt detected
2026-04-12 15:54:36 DEBUG System rebooted unexpectedly
2026-04-12 15:54:38 INFO Database connection established
2026-04-12 15:54:46 DEBUG Service restarted
2026-04-12 15:54:50 CRITICAL Background job started
2026-04-12 15:54:52 WARNING Database connection established
2026-04-12 15:54:54 WARNING User login successful
2026-04-12 15:55:04 DEBUG File accessed
2026-04-12 15:55:14 CRITICAL Service restarted
2026-04-12 15:55:15 WARNING API request received
2026-04-12 15:55:19 ERROR API request received
2026-04-12 15:55:22 CRITICAL Service restarted
2026-04-12 15:55:29 WARNING Database connection established
2026-04-12 15:55:37 DEBUG User login successful
2026-04-12 15:55:43 INFO API request received
2026-04-12 15:55:51 DEBUG API request received
2026-04-12 15:55:55 ERROR Service restarted
2026-04-12 15:55:56 DEBUG Background job started
2026-04-12 15:55:57 WARNING System rebooted unexpectedly
2026-04-12 20:45:57 CRITICAL Network packet received
2026-04-12 20:45:59 WARNING Disk usage normal
2026-04-12 20:46:01 CRITICAL Network packet received
2026-04-12 20:46:11 INFO Cache cleared
2026-04-12 20:46:16 DEBUG File accessed
2026-04-12 20:46:19 ERROR Cache cleared
2026-04-12 20:46:29 CRITICAL Background job started
2026-04-13 00:19:29 CRITICAL Cache cleared
2026-04-13 00:19:39 DEBUG Network packet received
2026-04-13 00:19:41 WARNING Service restarted
2026-04-13 00:19:43 ERROR File accessed
2026-04-13 00:19:49 DEBUG Network packet received
2026-04-13 00:19:57 DEBUG Database connection established
2026-04-13 00:20:07 INFO File accessed
2026-04-13 00:20:08 WARNING System health OK
2026-04-13 03:15:08 WARNING Background job started
2026-04-13 03:15:10 INFO User login successful
2026-04-13 03:15:13 ERROR User login successful
2026-04-13 03:15:14 ERROR User login successful
2026-04-13 03:15:21 WARNING Background job started
2026-04-13 03:15:23 ERROR Background job started
2026-04-13 03:15:29 ERROR Unauthorized access attempt detected
2026-04-13 03:15:37 CRITICAL Network packet received
2026-04-13 03:15:39 ERROR API request received
2026-04-13 03:15:49 CRITICAL API request received
2026-04-13 03:15:57 WARNING File accessed
2026-04-13 03:16:06 ERROR System health OK
2026-04-13 03:16:08 WARNING API request received
2026-04-13 03:16:18 WARNING Backup process initiated
2026-04-13 03:16:26 ERROR Backup process initiated
2026-04-13 03:16:32 ERROR Unauthorized access attempt detected
2026-04-13 03:16:42 DEBUG File accessed
2026-04-13 03:16:44 INFO User login successful
2026-04-13 03:16:53 ERROR System rebooted unexpectedly
2026-04-13 03:17:01 INFO Service restarted
2026-04-13 07:44:01 ERROR File accessed
2026-04-13 10:12:01 ERROR Background job started
2026-04-13 10:12:03 ERROR User login successful
2026-04-13 10:12:11 WARNING Cache cleared
2026-04-13 10:12:17 ERROR Service restarted
2026-04-13 10:12:18 ERROR Service restarted
2026-04-13 10:12:20 INFO Disk usage normal
2026-04-13 10:35:20 INFO Disk usage normal
2026-04-13 10:35:28 DEBUG Network packet received
2026-04-13 10:35:38 CRITICAL File accessed
2026-04-13 10:35:43 ERROR API request received
2026-04-13 15:27:43 ERROR Service restarted
2026-04-13 15:27:50 WARNING User login successful
2026-04-13 15:27:58 ERROR Disk usage normal
2026-04-13 15:28:04 WARNING Service restarted
2026-04-13 15:28:06 ERROR System rebooted unexpectedly
2026-04-13 15:28:07 INFO Background job started
2026-04-13 15:28:11 INFO Backup process initiated
2026-04-13 15:28:20 CRITICAL Background job started
2026-04-13 15:28:22 WARNING Network packet received
2026-04-13 15:28:32 DEBUG System rebooted unexpectedly
2026-04-13 15:28:41 CRITICAL File accessed
2026-04-13 15:28:49 INFO System rebooted unexpectedly
2026-04-13 15:28:51 DEBUG API request received
2026-04-13 15:29:01 DEBUG API request received
2026-04-13 17:36:01 WARNING System health OK
2026-04-13 17:36:06 CRITICAL Service restarted
2026-04-13 17:36:07 INFO Service restarted
2026-04-13 17:36:13 WARNING Cache cleared
2026-04-13 17:36:17 CRITICAL API request received
2026-04-13 17:36:22 CRITICAL System health OK
2026-04-13 17:36:29 INFO Service restarted
2026-04-13 17:36:34 CRITICAL System health OK
2026-04-13 17:36:40 ERROR System rebooted unexpectedly
2026-04-13 17:36:49 CRITICAL Unauthorized access attempt detected
2026-04-13 20:05:49 CRITICAL Cache cleared
2026-04-14 00:07:49 CRITICAL Cache cleared
2026-04-14 00:07:59 WARNING Network packet received
2026-04-14 00:08:06 INFO Background job started
2026-04-14 00:08:11 DEBUG Backup process initiated
2026-04-14 00:08:13 INFO Network packet received
2026-04-14 00:08:23 INFO System health OK
2026-04-14 00:08:24 DEBUG System rebooted unexpectedly
2026-04-14 00:08:26 CRITICAL User login successful
2026-04-14 00:08:30 ERROR Database connection established
2026-04-14 00:08:35 CRITICAL Cache cleared
2026-04-14 00:08:36 CRITICAL Database connection established
2026-04-14 00:08:39 DEBUG API request received
2026-04-14 00:08:45 WARNING System rebooted unexpectedly
2026-04-14 00:08:48 CRITICAL Background job started
2026-04-14 00:08:50 CRITICAL Unauthorized access attempt detected
2026-04-14 04:39:50 ERROR Disk usage normal
2026-04-14 04:40:00 WARNING Service restarted
2026-04-14 04:40:04 INFO User login successful
2026-04-14 04:40:08 CRITICAL API request received
2026-04-14 04:40:10 WARNING Database connection established
2026-04-14 04:40:15 ERROR API request received
2026-04-14 04:40:21 CRITICAL API request received
2026-04-14 04:40:27 DEBUG Background job started
2026-04-14 04:40:35 INFO Disk usage normal
2026-04-14 04:40:39 WARNING File accessed
2026-04-14 04:40:49 DEBUG Database connection established
2026-04-14 04:40:59 INFO Network packet received
2026-04-14 05:30:59 CRITICAL Unauthorized access attempt detected
2026-04-14 05:31:05 ERROR Disk usage normal
2026-04-14 06:41:05 INFO Disk usage normal
2026-04-14 06:41:13 CRITICAL Network packet received
2026-04-14 07:32:13 INFO Backup process initiated
2026-04-14 07:32:19 ERROR Network packet received
2026-04-14 07:32:29 WARNING System rebooted unexpectedly
2026-04-14 07:32:34 CRITICAL Disk usage normal
2026-04-14 07:32:44 INFO Background job started
2026-04-14 07:32:54 INFO System rebooted unexpectedly
2026-04-14 07:32:57 ERROR File accessed
2026-04-14 08:18:57 DEBUG System rebooted unexpectedly
2026-04-14 08:18:58 ERROR Database connection established
2026-04-14 08:19:06 WARNING Cache cleared
2026-04-14 08:19:10 WARNING Service restarted
2026-04-14 08:19:11 DEBUG Unauthorized access attempt detected
2026-04-14 12:04:11 INFO Backup process initiated
2026-04-14 12:04:16 DEBUG Cache cleared
2026-04-14 12:04:18 WARNING Cache cleared
2026-04-14 12:04:19 INFO Disk usage normal
2026-04-14 12:04:26 CRITICAL Background job started
2026-04-14 12:04:33 CRITICAL Network packet received
2026-04-14 12:04:38 ERROR File accessed
2026-04-14 12:04:42 WARNING Disk usage normal
2026-04-14 12:04:46 WARNING System rebooted unexpectedly
2026-04-14 12:04:49 INFO Service restarted
2026-04-14 12:04:50 WARNING Background job started
2026-04-14 12:04:53 WARNING Unauthorized access attempt detected
2026-04-14 12:05:02 DEBUG Cache cleared
2026-04-14 12:05:07 DEBUG Network packet received
2026-04-14 12:05:08 DEBUG Backup process initiated
2026-04-14 12:05:09 CRITICAL Unauthorized access attempt detected
2026-04-14 12:05:11 ERROR Database connection established
2026-04-14 12:05:20 ERROR API request received
2026-04-14 12:05:30 WARNING User login successful
2026-04-14 12:05:32 ERROR Database connection established
2026-04-14 12:05:40 INFO Cache cleared
